[13:10:38] This is prokka 1.14.6
[13:10:38] Written by Torsten Seemann <torsten.seemann@gmail.com>
[13:10:38] Homepage is https://github.com/tseemann/prokka
[13:10:38] Local time is Tue May  5 13:10:38 2020
[13:10:38] You are richardshao17
[13:10:38] Operating system is darwin
[13:10:38] You have BioPerl 1.007002
[13:10:39] System has 4 cores.
[13:10:39] Option --cpu asked for 8 cores, but system only has 4
[13:10:39] Will use maximum of 4 cores.
[13:10:39] Annotating as >>> Bacteria <<<
[13:10:39] Generating locus_tag from 'UBA1547.FASTA' contents.
[13:10:39] Setting --locustag KIBHJIDB from MD5 42b132dbca85da094fb7f13aff9cb247
[13:10:39] Creating new output folder: UBA1547.FASTA.prokka.output
[13:10:39] Running: mkdir -p UBA1547\.FASTA\.prokka\.output
[13:10:39] Using filename prefix: PROKKA_05052020.XXX
[13:10:39] Setting HMMER_NCPU=1
[13:10:39] Writing log to: UBA1547.FASTA.prokka.output/PROKKA_05052020.log
[13:10:39] Command: /Users/richardshao17/miniconda3/bin/prokka UBA1547.FASTA --outdir UBA1547.FASTA.prokka.output
[13:10:39] Appending to PATH: /Users/richardshao17/miniconda3/bin
[13:10:39] Looking for 'aragorn' - found /Users/richardshao17/miniconda3/bin/aragorn
[13:10:39] Determined aragorn version is 001002 from 'ARAGORN v1.2.38 Dean Laslett'
[13:10:39] Looking for 'barrnap' - found /Users/richardshao17/miniconda3/bin/barrnap
[13:10:39] Determined barrnap version is 000009 from 'barrnap 0.9'
[13:10:39] Looking for 'blastp' - found /Users/richardshao17/miniconda3/bin/blastp
[13:10:39] Determined blastp version is 002009 from 'blastp: 2.9.0+'
[13:10:39] Looking for 'cmpress' - found /Users/richardshao17/miniconda3/bin/cmpress
[13:10:39] Determined cmpress version is 001001 from '# INFERNAL 1.1.2 (July 2016)'
[13:10:39] Looking for 'cmscan' - found /Users/richardshao17/miniconda3/bin/cmscan
[13:10:39] Determined cmscan version is 001001 from '# INFERNAL 1.1.2 (July 2016)'
[13:10:39] Looking for 'egrep' - found /usr/bin/egrep
[13:10:39] Looking for 'find' - found /usr/bin/find
[13:10:39] Looking for 'grep' - found /usr/bin/grep
[13:10:39] Looking for 'hmmpress' - found /Users/richardshao17/miniconda3/bin/hmmpress
[13:10:39] Determined hmmpress version is 003003 from '# HMMER 3.3 (Nov 2019); http://hmmer.org/'
[13:10:39] Looking for 'hmmscan' - found /Users/richardshao17/miniconda3/bin/hmmscan
[13:10:39] Determined hmmscan version is 003003 from '# HMMER 3.3 (Nov 2019); http://hmmer.org/'
[13:10:39] Looking for 'java' - found /Users/richardshao17/miniconda3/bin/java
[13:10:39] Looking for 'makeblastdb' - found /Users/richardshao17/miniconda3/bin/makeblastdb
[13:10:39] Determined makeblastdb version is 002009 from 'makeblastdb: 2.9.0+'
[13:10:39] Looking for 'minced' - found /Users/richardshao17/miniconda3/bin/minced
[13:10:39] Determined minced version is 004002 from 'minced 0.4.2'
[13:10:39] Looking for 'parallel' - found /Users/richardshao17/miniconda3/bin/parallel
[13:10:40] Determined parallel version is 20200322 from 'GNU parallel 20200322'
[13:10:40] Looking for 'prodigal' - found /Users/richardshao17/miniconda3/bin/prodigal
[13:10:40] Determined prodigal version is 002006 from 'Prodigal V2.6.3: February, 2016'
[13:10:40] Looking for 'prokka-genbank_to_fasta_db' - found /Users/richardshao17/miniconda3/bin/prokka-genbank_to_fasta_db
[13:10:40] Looking for 'sed' - found /usr/bin/sed
[13:10:40] Looking for 'tbl2asn' - found /Users/richardshao17/miniconda3/bin/tbl2asn
[13:10:40] Determined tbl2asn version is 025007 from 'tbl2asn 25.7   arguments:'
[13:10:40] Using genetic code table 11.
[13:10:40] Loading and checking input file: UBA1547.FASTA
[13:10:40] Wrote 1 contigs totalling 794458 bp.
[13:10:40] Predicting tRNAs and tmRNAs
[13:10:40] Running: aragorn -l -gc11  -w UBA1547\.FASTA\.prokka\.output\/PROKKA_05052020\.fna
[13:10:40] 1 tRNA-Asn [41576,41650] 33 (gtt)
[13:10:40] 2 tRNA-Met c[100968,101043] 34 (cat)
[13:10:40] 3 tRNA-Met c[105448,105525] 36 (cat)
[13:10:40] 4 tRNA-Met c[112006,112082] 35 (cat)
[13:10:40] 5 tRNA-Pro c[133116,133191] 34 (tgg)
[13:10:40] 6 tRNA-Lys [157696,157772] 35 (ttt)
[13:10:40] 7 tRNA-His c[164242,164318] 35 (gtg)
[13:10:40] 8 tRNA-Gly c[164325,164399] 34 (tcc)
[13:10:40] 9 tRNA-Arg [165313,165389] 35 (tct)
[13:10:40] 10 tRNA-Arg [176502,176578] 35 (tcg)
[13:10:40] 11 tRNA-Lys [176589,176665] 35 (ctt)
[13:10:40] 12 tRNA-Glu [187064,187138] 34 (ttc)
[13:10:40] 13 tRNA-Val [231206,231282] 35 (tac)
[13:10:40] 14 tRNA-Leu [231401,231487] 35 (gag)
[13:10:40] 15 tRNA-Phe [241025,241100] 34 (gaa)
[13:10:40] 16 tRNA-Gly [241574,241650] 35 (gcc)
[13:10:40] 17 tRNA-Cys [274573,274646] 33 (gca)
[13:10:40] 18 tRNA-Leu [275164,275250] 35 (taa)
[13:10:40] 19 tRNA-Ala [281490,281566] 35 (ggc)
[13:10:40] 20 tRNA-Gln [292843,292917] 33 (ttg)
[13:10:40] 21 tRNA-Leu c[380141,380225] 35 (tag)
[13:10:40] 22 tRNA-Leu [382005,382091] 35 (cag)
[13:10:40] 23 tRNA-Tyr c[423225,423309] 34 (gta)
[13:10:40] 24 tRNA-Thr c[423319,423395] 35 (tgt)
[13:10:40] 25 tRNA-Thr c[423845,423920] 34 (ggt)
[13:10:40] 26 tRNA-Trp [431039,431113] 34 (cca)
[13:10:40] 27 tRNA-Gln c[486350,486423] 33 (ctg)
[13:10:40] 28 tRNA-Leu c[514038,514124] 35 (caa)
[13:10:40] 29 tRNA-Glu [524028,524102] 34 (ctc)
[13:10:40] 30 tRNA-Ile c[652758,652834] 35 (gat)
[13:10:40] 31 tRNA-Ala c[652918,652994] 35 (tgc)
[13:10:40] 32 tRNA-Pro c[672296,672371] 34 (ggg)
[13:10:40] 33 tRNA-Val [678459,678535] 35 (gac)
[13:10:40] 34 tRNA-Thr c[681444,681519] 34 (cgt)
[13:10:40] 35 tRNA-Asp [681631,681706] 34 (gtc)
[13:10:40] 36 tRNA-Arg c[688242,688318] 35 (cct)
[13:10:40] 37 tRNA-Ser c[753780,753869] 35 (gga)
[13:10:40] 38 tRNA-Arg c[771658,771734] 35 (gcg)
[13:10:40] 39 tRNA-Ser c[774474,774566] 35 (gct)
[13:10:40] 40 tRNA-Ser c[775608,775695] 35 (tga)
[13:10:40] Found 40 tRNAs
[13:10:40] Predicting Ribosomal RNAs
[13:10:40] Running Barrnap with 4 threads
[13:10:41] 1 contig_690 647327 5S ribosomal RNA (partial)
[13:10:41] 2 contig_690 647623 23S ribosomal RNA
[13:10:41] 3 contig_690 654036 16S ribosomal RNA
[13:10:41] Found 3 rRNAs
[13:10:41] Skipping ncRNA search, enable with --rfam if desired.
[13:10:41] Total of 43 tRNA + rRNA features
[13:10:41] Searching for CRISPR repeats
[13:10:41] Found 0 CRISPRs
[13:10:41] Predicting coding sequences
[13:10:41] Contigs total 794458 bp, so using single mode
[13:10:41] Running: prodigal -i UBA1547\.FASTA\.prokka\.output\/PROKKA_05052020\.fna -c -m -g 11 -p single -f sco -q
[13:10:43] Excluding CDS which overlaps existing RNA (tRNA) at contig_690:241628..243451 on - strand
[13:10:43] Excluding CDS which overlaps existing RNA (tRNA) at contig_690:274690..275178 on + strand
[13:10:43] Excluding CDS which overlaps existing RNA (tRNA) at contig_690:280964..281512 on + strand
[13:10:43] Excluding CDS which overlaps existing RNA (tRNA) at contig_690:423401..423889 on - strand
[13:10:43] Excluding CDS which overlaps existing RNA (tRNA) at contig_690:524062..525597 on - strand
[13:10:43] Excluding CDS which overlaps existing RNA (rRNA) at contig_690:649308..649403 on + strand
[13:10:43] Excluding CDS which overlaps existing RNA (rRNA) at contig_690:654448..654591 on + strand
[13:10:43] Excluding CDS which overlaps existing RNA (tRNA) at contig_690:775061..775681 on - strand
[13:10:43] Found 818 CDS
[13:10:43] Connecting features back to sequences
[13:10:43] Not using genus-specific database. Try --usegenus to enable it.
[13:10:43] Annotating CDS, please be patient.
[13:10:43] Will use 4 CPUs for similarity searching.
[13:10:43] There are still 818 unannotated CDS left (started with 818)
[13:10:43] Will use blast to search against /Users/richardshao17/miniconda3/db/kingdom/Bacteria/IS with 4 CPUs
[13:10:43] Running: cat UBA1547\.FASTA\.prokka\.output\/PROKKA_05052020\.IS\.tmp\.31964\.faa | parallel --gnu --plain -j 4 --block 31003 --recstart '>' --pipe blastp -query - -db /Users/richardshao17/miniconda3/db/kingdom/Bacteria/IS -evalue 1e-30 -qcov_hsp_perc 90 -num_threads 1 -num_descriptions 1 -num_alignments 1 -seg no > UBA1547\.FASTA\.prokka\.output\/PROKKA_05052020\.IS\.tmp\.31964\.blast 2> /dev/null
[13:10:47] Deleting unwanted file: UBA1547.FASTA.prokka.output/PROKKA_05052020.IS.tmp.31964.faa
[13:10:47] Deleting unwanted file: UBA1547.FASTA.prokka.output/PROKKA_05052020.IS.tmp.31964.blast
[13:10:48] There are still 818 unannotated CDS left (started with 818)
[13:10:48] Will use blast to search against /Users/richardshao17/miniconda3/db/kingdom/Bacteria/AMR with 4 CPUs
[13:10:48] Running: cat UBA1547\.FASTA\.prokka\.output\/PROKKA_05052020\.AMR\.tmp\.31964\.faa | parallel --gnu --plain -j 4 --block 31003 --recstart '>' --pipe blastp -query - -db /Users/richardshao17/miniconda3/db/kingdom/Bacteria/AMR -evalue 9.99999999999999e-301 -qcov_hsp_perc 90 -num_threads 1 -num_descriptions 1 -num_alignments 1 -seg no > UBA1547\.FASTA\.prokka\.output\/PROKKA_05052020\.AMR\.tmp\.31964\.blast 2> /dev/null
[13:10:51] Deleting unwanted file: UBA1547.FASTA.prokka.output/PROKKA_05052020.AMR.tmp.31964.faa
[13:10:51] Deleting unwanted file: UBA1547.FASTA.prokka.output/PROKKA_05052020.AMR.tmp.31964.blast
[13:10:51] There are still 818 unannotated CDS left (started with 818)
[13:10:51] Will use blast to search against /Users/richardshao17/miniconda3/db/kingdom/Bacteria/sprot with 4 CPUs
[13:10:51] Running: cat UBA1547\.FASTA\.prokka\.output\/PROKKA_05052020\.sprot\.tmp\.31964\.faa | parallel --gnu --plain -j 4 --block 31003 --recstart '>' --pipe blastp -query - -db /Users/richardshao17/miniconda3/db/kingdom/Bacteria/sprot -evalue 1e-09 -qcov_hsp_perc 80 -num_threads 1 -num_descriptions 1 -num_alignments 1 -seg no > UBA1547\.FASTA\.prokka\.output\/PROKKA_05052020\.sprot\.tmp\.31964\.blast 2> /dev/null
[13:11:07] Modify product: Multidrug efflux system ATP-binding protein Rv1218c => Multidrug efflux system ATP-binding protein
[13:11:07] Modify product: Uncharacterized ABC transporter ATP-binding protein YbiT => putative ABC transporter ATP-binding protein YbiT
[13:11:07] Modify product: Uncharacterized sugar kinase YdjH => putative sugar kinase YdjH
[13:11:07] Modify product: Uncharacterized metal-dependent hydrolase YcfH => putative metal-dependent hydrolase YcfH
[13:11:07] Modify product: Probable autolysin LDP => putative autolysin LDP
[13:11:07] Modify product: Putative multidrug export ATP-binding/permease protein SAV1866 => Putative multidrug export ATP-binding/permease protein
[13:11:07] Modify product: UPF0176 protein SP_0095 => hypothetical protein
[13:11:07] Modify product: Uncharacterized protein Rv1488 => putative protein
[13:11:07] Modify product: Protease HtpX homolog => Protease HtpX 
[13:11:07] Modify product: Probable transcriptional regulatory protein MSMEG_2940/MSMEI_2866 => putative transcriptional regulatory protein/MSMEI_2866
[13:11:07] Modify product: Bifunctional protein FolD => Bifunctional protein FolD protein
[13:11:07] Modify product: Uncharacterized glycosyltransferase sll0501 => putative glycosyltransferase
[13:11:07] Modify product: Sulfurtransferase Alvin_2599 => Sulfurtransferase
[13:11:07] Modify product: Putative transport protein Rv1101c => Putative transport protein
[13:11:07] Modify product: NADH dehydrogenase-like protein SAOUHSC_00878 => NADH dehydrogenase-like protein
[13:11:07] Modify product: Nucleoid-associated protein Cthe_2143 => Nucleoid-associated protein
[13:11:07] Modify product: Uncharacterized protein HI_1163 => putative protein
[13:11:07] Modify product: Uncharacterized ABC transporter ATP-binding protein YknY => putative ABC transporter ATP-binding protein YknY
[13:11:07] Modify product: Uncharacterized protein YqeY => putative protein YqeY
[13:11:07] Modify product: Uncharacterized protein YjbR => putative protein YjbR
[13:11:07] Modify product: Uncharacterized ABC transporter ATP-binding protein YknY => putative ABC transporter ATP-binding protein YknY
[13:11:07] Modify product: Probable tRNA-dihydrouridine synthase => putative tRNA-dihydrouridine synthase
[13:11:07] Cleaned 22 /product names
[13:11:07] Deleting unwanted file: UBA1547.FASTA.prokka.output/PROKKA_05052020.sprot.tmp.31964.faa
[13:11:07] Deleting unwanted file: UBA1547.FASTA.prokka.output/PROKKA_05052020.sprot.tmp.31964.blast
[13:11:07] There are still 531 unannotated CDS left (started with 818)
[13:11:07] Will use hmmer3 to search against /Users/richardshao17/miniconda3/db/hmm/HAMAP.hmm with 4 CPUs
[13:11:07] Running: cat UBA1547\.FASTA\.prokka\.output\/PROKKA_05052020\.HAMAP\.hmm\.tmp\.31964\.faa | parallel --gnu --plain -j 4 --block 18342 --recstart '>' --pipe hmmscan --noali --notextw --acc -E 1e-09 --cpu 1 /Users/richardshao17/miniconda3/db/hmm/HAMAP.hmm /dev/stdin > UBA1547\.FASTA\.prokka\.output\/PROKKA_05052020\.HAMAP\.hmm\.tmp\.31964\.hmmer3 2> /dev/null
[13:11:19] Deleting unwanted file: UBA1547.FASTA.prokka.output/PROKKA_05052020.HAMAP.hmm.tmp.31964.faa
[13:11:19] Deleting unwanted file: UBA1547.FASTA.prokka.output/PROKKA_05052020.HAMAP.hmm.tmp.31964.hmmer3
[13:11:19] Labelling remaining 456 proteins as 'hypothetical protein'
[13:11:19] Possible /pseudo 'Transcriptional regulator WhiB' at contig_690 position 734312
[13:11:19] Found 312 unique /gene codes.
[13:11:19] Fixed 2 duplicate /gene - idi_1 idi_2
[13:11:19] Fixed 5 duplicate /gene - sasA_1 sasA_2 sasA_3 sasA_4 sasA_5
[13:11:19] Fixed 2 duplicate /gene - epsF_1 epsF_2
[13:11:19] Fixed 2 duplicate /gene - ydeN_1 ydeN_2
[13:11:19] Fixed 2 duplicate /gene - greA_1 greA_2
[13:11:19] Fixed 3 duplicate /gene - rppH_1 rppH_2 rppH_3
[13:11:19] Fixed 2 duplicate /gene - ruvB_1 ruvB_2
[13:11:19] Fixed 2 duplicate /gene - murL_1 murL_2
[13:11:19] Fixed 2 duplicate /gene - atpA_1 atpA_2
[13:11:19] Fixed 2 duplicate /gene - trmH_1 trmH_2
[13:11:19] Fixed 3 duplicate /gene - xpsE_1 xpsE_2 xpsE_3
[13:11:19] Fixed 2 duplicate /gene - rnhA_1 rnhA_2
[13:11:19] Fixed 3 duplicate /gene - mshA_1 mshA_2 mshA_3
[13:11:19] Fixed 3 duplicate /gene - ftsA_1 ftsA_2 ftsA_3
[13:11:19] Fixed 2 duplicate /gene - atpG_1 atpG_2
[13:11:19] Fixed 2 duplicate /gene - yknY_1 yknY_2
[13:11:19] Fixed 2 duplicate /gene - menH_1 menH_2
[13:11:19] Fixed 2 duplicate /gene - rsmA_1 rsmA_2
[13:11:19] Fixed 4 duplicate /gene - atpD_1 atpD_2 atpD_3 atpD_4
[13:11:19] Fixed 2 duplicate /gene - whiB_1 whiB_2
[13:11:19] Fixed 20 colliding /gene names.
[13:11:19] Adding /locus_tag identifiers
[13:11:19] Assigned 861 locus_tags to CDS and RNA features.
[13:11:19] Writing outputs to UBA1547.FASTA.prokka.output/
[13:11:19] Generating annotation statistics file
[13:11:19] Generating Genbank and Sequin files
[13:11:19] Running: tbl2asn -V b -a r10k -l paired-ends -M n -N 1 -y 'Annotated using prokka 1.14.6 from https://github.com/tseemann/prokka' -Z UBA1547\.FASTA\.prokka\.output\/PROKKA_05052020\.err -i UBA1547\.FASTA\.prokka\.output\/PROKKA_05052020\.fsa 2> /dev/null
[13:11:20] Could not run command: tbl2asn -V b -a r10k -l paired-ends -M n -N 1 -y 'Annotated using prokka 1.14.6 from https://github.com/tseemann/prokka' -Z UBA1547\.FASTA\.prokka\.output\/PROKKA_05052020\.err -i UBA1547\.FASTA\.prokka\.output\/PROKKA_05052020\.fsa 2> /dev/null
