[12:55:00] This is prokka 1.14.6
[12:55:00] Written by Torsten Seemann <torsten.seemann@gmail.com>
[12:55:00] Homepage is https://github.com/tseemann/prokka
[12:55:00] Local time is Tue May  5 12:54:59 2020
[12:55:00] You are richardshao17
[12:55:00] Operating system is darwin
[12:55:00] You have BioPerl 1.007002
[12:55:00] System has 4 cores.
[12:55:00] Option --cpu asked for 8 cores, but system only has 4
[12:55:00] Will use maximum of 4 cores.
[12:55:00] Annotating as >>> Bacteria <<<
[12:55:00] Generating locus_tag from 'parvibaculum-short.FASTA' contents.
[12:55:00] Setting --locustag COGMAEJH from MD5 c806ae31abe167f014918916c6dd99ee
[12:55:00] Creating new output folder: parvibaculum-short.FASTA.prokka.output
[12:55:00] Running: mkdir -p parvibaculum\-short\.FASTA\.prokka\.output
[12:55:00] Using filename prefix: PROKKA_05052020.XXX
[12:55:00] Setting HMMER_NCPU=1
[12:55:00] Writing log to: parvibaculum-short.FASTA.prokka.output/PROKKA_05052020.log
[12:55:00] Command: /Users/richardshao17/miniconda3/bin/prokka parvibaculum-short.FASTA --outdir parvibaculum-short.FASTA.prokka.output
[12:55:00] Appending to PATH: /Users/richardshao17/miniconda3/bin
[12:55:00] Looking for 'aragorn' - found /Users/richardshao17/miniconda3/bin/aragorn
[12:55:00] Determined aragorn version is 001002 from 'ARAGORN v1.2.38 Dean Laslett'
[12:55:00] Looking for 'barrnap' - found /Users/richardshao17/miniconda3/bin/barrnap
[12:55:00] Determined barrnap version is 000009 from 'barrnap 0.9'
[12:55:00] Looking for 'blastp' - found /Users/richardshao17/miniconda3/bin/blastp
[12:55:00] Determined blastp version is 002009 from 'blastp: 2.9.0+'
[12:55:00] Looking for 'cmpress' - found /Users/richardshao17/miniconda3/bin/cmpress
[12:55:00] Determined cmpress version is 001001 from '# INFERNAL 1.1.2 (July 2016)'
[12:55:00] Looking for 'cmscan' - found /Users/richardshao17/miniconda3/bin/cmscan
[12:55:00] Determined cmscan version is 001001 from '# INFERNAL 1.1.2 (July 2016)'
[12:55:00] Looking for 'egrep' - found /usr/bin/egrep
[12:55:00] Looking for 'find' - found /usr/bin/find
[12:55:00] Looking for 'grep' - found /usr/bin/grep
[12:55:00] Looking for 'hmmpress' - found /Users/richardshao17/miniconda3/bin/hmmpress
[12:55:00] Determined hmmpress version is 003003 from '# HMMER 3.3 (Nov 2019); http://hmmer.org/'
[12:55:00] Looking for 'hmmscan' - found /Users/richardshao17/miniconda3/bin/hmmscan
[12:55:00] Determined hmmscan version is 003003 from '# HMMER 3.3 (Nov 2019); http://hmmer.org/'
[12:55:00] Looking for 'java' - found /Users/richardshao17/miniconda3/bin/java
[12:55:00] Looking for 'makeblastdb' - found /Users/richardshao17/miniconda3/bin/makeblastdb
[12:55:00] Determined makeblastdb version is 002009 from 'makeblastdb: 2.9.0+'
[12:55:00] Looking for 'minced' - found /Users/richardshao17/miniconda3/bin/minced
[12:55:01] Determined minced version is 004002 from 'minced 0.4.2'
[12:55:01] Looking for 'parallel' - found /Users/richardshao17/miniconda3/bin/parallel
[12:55:01] Determined parallel version is 20200322 from 'GNU parallel 20200322'
[12:55:01] Looking for 'prodigal' - found /Users/richardshao17/miniconda3/bin/prodigal
[12:55:01] Determined prodigal version is 002006 from 'Prodigal V2.6.3: February, 2016'
[12:55:01] Looking for 'prokka-genbank_to_fasta_db' - found /Users/richardshao17/miniconda3/bin/prokka-genbank_to_fasta_db
[12:55:01] Looking for 'sed' - found /usr/bin/sed
[12:55:01] Looking for 'tbl2asn' - found /Users/richardshao17/miniconda3/bin/tbl2asn
[12:55:01] Determined tbl2asn version is 025007 from 'tbl2asn 25.7   arguments:'
[12:55:01] Using genetic code table 11.
[12:55:01] Loading and checking input file: parvibaculum-short.FASTA
[12:55:01] Wrote 1 contigs totalling 3177587 bp.
[12:55:01] Predicting tRNAs and tmRNAs
[12:55:01] Running: aragorn -l -gc11  -w parvibaculum\-short\.FASTA\.prokka\.output\/PROKKA_05052020\.fna
[12:55:03] 1 tRNA-Gly c[76202,76277] 34 (ccc)
[12:55:03] 2 tRNA-Gly [187042,187116] 33 (gcc)
[12:55:03] 3 tRNA-Thr [216513,216588] 34 (cgt)
[12:55:03] 4 tRNA-Ala c[232831,232906] 34 (cgc)
[12:55:03] 5 tRNA-Ser [339656,339745] 35 (cga)
[12:55:03] 6 tRNA-Leu [474462,474547] 34 (caa)
[12:55:03] 7 tRNA-Arg c[517330,517406] 35 (cct)
[12:55:03] 8 tRNA-Ile [589699,589775] 35 (gat)
[12:55:03] 9 tRNA-Ala [589821,589896] 34 (tgc)
[12:55:03] 10 tRNA-Met [593323,593399] 35 (cat)
[12:55:03] 11 tRNA-Val [832412,832486] 33 (gac)
[12:55:03] 12 tRNA-Glu [957750,957825] 35 (ctc)
[12:55:03] 13 tRNA-Met [981360,981436] 35 (cat)
[12:55:03] 14 tRNA-Met [1113514,1113590] 35 (cat)
[12:55:03] 15 tmRNA* c[1192308,1192645] 209,247 ANDNYAEARLAA*
[12:55:03] 16 tRNA-Arg c[1207730,1207814] 32 (tcg)
[12:55:03] 17 tRNA-Lys [1228723,1228798] 34 (ctt)
[12:55:03] 18 tRNA-Leu [1341591,1341677] 35 (taa)
[12:55:03] 19 tRNA-Thr c[1442485,1442560] 34 (tgt)
[12:55:03] 20 tRNA-Tyr [1443684,1443768] 35 (gta)
[12:55:03] 21 tRNA-Gly [1443874,1443947] 33 (tcc)
[12:55:03] 22 tRNA-Trp [1445302,1445377] 34 (cca)
[12:55:03] 23 tRNA-Leu [1493106,1493192] 35 (gag)
[12:55:03] 24 tRNA-Ser [1556233,1556325] 35 (gct)
[12:55:03] 25 tRNA-Pro [1641925,1642001] 35 (ggg)
[12:55:03] 26 tRNA-Glu [1660326,1660400] 34 (ttc)
[12:55:03] 27 tRNA-Pro [1680416,1680492] 35 (tgg)
[12:55:03] 28 tRNA-Arg [1681258,1681334] 35 (tct)
[12:55:03] 29 tRNA-Asn c[1697129,1697203] 33 (gtt)
[12:55:03] 30 tRNA-Cys c[1709308,1709381] 33 (gca)
[12:55:03] 31 tRNA-Lys [1761300,1761374] 33 (ttt)
[12:55:03] 32 tRNA-Ser [1811348,1811437] 35 (tga)
[12:55:03] 33 tRNA-Asp c[1932532,1932608] 35 (gtc)
[12:55:03] 34 tRNA-Val c[1932762,1932837] 34 (tac)
[12:55:03] 35 tRNA-Leu c[1943659,1943743] 35 (tag)
[12:55:03] 36 tRNA-Gln [2101444,2101517] 33 (ctg)
[12:55:03] 37 tRNA-Val [2184820,2184895] 34 (cac)
[12:55:03] 38 tRNA-Gln c[2449929,2450003] 33 (ttg)
[12:55:03] 39 tRNA-Pro [2450181,2450257] 35 (cgg)
[12:55:03] 40 tRNA-His c[2683558,2683634] 35 (gtg)
[12:55:03] 41 tRNA-Stop [2697968,2698056] 35 (tta)
[12:55:03] 42 tRNA-Phe c[2698667,2698742] 34 (gaa)
[12:55:03] 43 tRNA-Thr [2708092,2708166] 33 (ggt)
[12:55:03] 44 tRNA-Gly c[2812830,2812903] 33 (ccc)
[12:55:03] 45 tRNA-Arg c[2867493,2867569] 35 (acg)
[12:55:03] 46 tRNA-Ser c[2951560,2951649] 35 (gga)
[12:55:03] 47 tRNA-Leu [2975538,2975624] 35 (cag)
[12:55:03] 48 tRNA-Ala c[3060075,3060148] 34 (ggc)
[12:55:03] 49 tRNA-Arg [3114418,3114494] 35 (ccg)
[12:55:03] Found 49 tRNAs
[12:55:03] Predicting Ribosomal RNAs
[12:55:03] Running Barrnap with 4 threads
[12:55:04] 1 contig_24 588010 16S ribosomal RNA
[12:55:04] 2 contig_24 590252 23S ribosomal RNA
[12:55:04] 3 contig_24 593081 5S ribosomal RNA
[12:55:04] Found 3 rRNAs
[12:55:04] Skipping ncRNA search, enable with --rfam if desired.
[12:55:04] Total of 51 tRNA + rRNA features
[12:55:04] Searching for CRISPR repeats
[12:55:04] CRISPR1 contig_24 3122840 with 6 spacers
[12:55:04] Found 1 CRISPRs
[12:55:04] Predicting coding sequences
[12:55:04] Contigs total 3177587 bp, so using single mode
[12:55:04] Running: prodigal -i parvibaculum\-short\.FASTA\.prokka\.output\/PROKKA_05052020\.fna -c -m -g 11 -p single -f sco -q
[12:55:11] Excluding CDS which overlaps existing RNA (tRNA) at contig_24:1206821..1208266 on + strand
[12:55:11] Excluding CDS which overlaps existing RNA (tRNA) at contig_24:1228651..1228872 on - strand
[12:55:12] Excluding CDS which overlaps existing RNA (tRNA) at contig_24:1932516..1932650 on + strand
[12:55:12] Excluding CDS which overlaps existing RNA (tRNA) at contig_24:2683557..2683700 on + strand
[12:55:12] Excluding CDS which overlaps existing RNA (tRNA) at contig_24:3114465..3116078 on - strand
[12:55:12] Found 3056 CDS
[12:55:12] Connecting features back to sequences
[12:55:12] Not using genus-specific database. Try --usegenus to enable it.
[12:55:12] Annotating CDS, please be patient.
[12:55:12] Will use 4 CPUs for similarity searching.
[12:55:13] There are still 3056 unannotated CDS left (started with 3056)
[12:55:13] Will use blast to search against /Users/richardshao17/miniconda3/db/kingdom/Bacteria/IS with 4 CPUs
[12:55:13] Running: cat parvibaculum\-short\.FASTA\.prokka\.output\/PROKKA_05052020\.IS\.tmp\.31182\.faa | parallel --gnu --plain -j 4 --block 122177 --recstart '>' --pipe blastp -query - -db /Users/richardshao17/miniconda3/db/kingdom/Bacteria/IS -evalue 1e-30 -qcov_hsp_perc 90 -num_threads 1 -num_descriptions 1 -num_alignments 1 -seg no > parvibaculum\-short\.FASTA\.prokka\.output\/PROKKA_05052020\.IS\.tmp\.31182\.blast 2> /dev/null
[12:55:28] Deleting unwanted file: parvibaculum-short.FASTA.prokka.output/PROKKA_05052020.IS.tmp.31182.faa
[12:55:28] Deleting unwanted file: parvibaculum-short.FASTA.prokka.output/PROKKA_05052020.IS.tmp.31182.blast
[12:55:29] There are still 3023 unannotated CDS left (started with 3056)
[12:55:29] Will use blast to search against /Users/richardshao17/miniconda3/db/kingdom/Bacteria/AMR with 4 CPUs
[12:55:29] Running: cat parvibaculum\-short\.FASTA\.prokka\.output\/PROKKA_05052020\.AMR\.tmp\.31182\.faa | parallel --gnu --plain -j 4 --block 121388 --recstart '>' --pipe blastp -query - -db /Users/richardshao17/miniconda3/db/kingdom/Bacteria/AMR -evalue 9.99999999999999e-301 -qcov_hsp_perc 90 -num_threads 1 -num_descriptions 1 -num_alignments 1 -seg no > parvibaculum\-short\.FASTA\.prokka\.output\/PROKKA_05052020\.AMR\.tmp\.31182\.blast 2> /dev/null
[12:55:43] Deleting unwanted file: parvibaculum-short.FASTA.prokka.output/PROKKA_05052020.AMR.tmp.31182.faa
[12:55:43] Deleting unwanted file: parvibaculum-short.FASTA.prokka.output/PROKKA_05052020.AMR.tmp.31182.blast
[12:55:43] There are still 3023 unannotated CDS left (started with 3056)
[12:55:43] Will use blast to search against /Users/richardshao17/miniconda3/db/kingdom/Bacteria/sprot with 4 CPUs
[12:55:43] Running: cat parvibaculum\-short\.FASTA\.prokka\.output\/PROKKA_05052020\.sprot\.tmp\.31182\.faa | parallel --gnu --plain -j 4 --block 121388 --recstart '>' --pipe blastp -query - -db /Users/richardshao17/miniconda3/db/kingdom/Bacteria/sprot -evalue 1e-09 -qcov_hsp_perc 80 -num_threads 1 -num_descriptions 1 -num_alignments 1 -seg no > parvibaculum\-short\.FASTA\.prokka\.output\/PROKKA_05052020\.sprot\.tmp\.31182\.blast 2> /dev/null
[12:56:55] Modify product: Uncharacterized protein PA3922 => putative protein
[12:56:55] Modify product: UPF0335 protein CCNA_03428 => hypothetical protein
[12:56:55] Modify product: Uncharacterized oxidoreductase Rv1350 => putative oxidoreductase
[12:56:55] Modify product: Probable transcriptional regulatory protein aq_1575 => putative transcriptional regulatory protein
[12:56:55] Modify product: Uncharacterized isomerase YddE => putative isomerase YddE
[12:56:55] Modify product: Uncharacterized protein Rv2913c => putative protein
[12:56:55] Modify product: UPF0234 protein HI_1034 => hypothetical protein
[12:56:55] Modify product: Chemotaxis protein CheY homolog => Chemotaxis protein CheY 
[12:56:55] Modify product: Uncharacterized protein YqeY => putative protein YqeY
[12:56:55] Modify product: Probable amino-acid metabolite efflux pump => putative amino-acid metabolite efflux pump
[12:56:55] Modify product: Probable peptidoglycan D,D-transpeptidase FtsI => putative peptidoglycan D,D-transpeptidase FtsI
[12:56:55] Modify product: Probable peptidoglycan glycosyltransferase FtsW => putative peptidoglycan glycosyltransferase FtsW
[12:56:55] Modify product: Uncharacterized FAD-linked oxidoreductase Rv2280 => putative FAD-linked oxidoreductase
[12:56:55] Modify product: Probable multidrug ABC transporter permease YbhR => putative multidrug ABC transporter permease YbhR
[12:56:55] Modify product: Probable multidrug ABC transporter ATP-binding protein YbhF => putative multidrug ABC transporter ATP-binding protein YbhF
[12:56:55] Modify product: Putative HTH-type transcriptional regulator Rv1287 => Putative HTH-type transcriptional regulator
[12:56:55] Modify product: Bifunctional protein Rv2228c => Bifunctional protein
[12:56:55] Modify product: UPF0382 membrane protein YwdK => hypothetical protein
[12:56:55] Modify product: Probable 3-phenylpropionic acid transporter => putative 3-phenylpropionic acid transporter
[12:56:55] Modify product: Probable ribonucleotide transport ATP-binding protein mkl => putative ribonucleotide transport ATP-binding protein mkl
[12:56:55] Modify product: Multifunctional alkaline phosphatase superfamily protein pRL90232 => Multifunctional alkaline phosphatase superfamily protein
[12:56:55] Modify product: Uncharacterized protein RP812 => putative protein RP812
[12:56:55] Modify product: UPF0758 protein => hypothetical protein
[12:56:55] Modify product: Uncharacterized symporter YjmB => putative symporter YjmB
[12:56:55] Modify product: Uncharacterized symporter YjmB => putative symporter YjmB
[12:56:55] Modify product: Uncharacterized NTE family protein Rv1063c => putative NTE family protein
[12:56:55] Modify product: Uncharacterized protein Rv3633 => putative protein
[12:56:55] Modify product: Probable chromate transport protein => putative chromate transport protein
[12:56:55] Modify product: Probable cation-transporting ATPase F => putative cation-transporting ATPase F
[12:56:55] Modify product: Probable glycerol-3-phosphate acyltransferase => putative glycerol-3-phosphate acyltransferase
[12:56:55] Modify product: Protease HtpX homolog => Protease HtpX 
[12:56:55] Modify product: UPF0126 inner membrane protein YadS => hypothetical protein
[12:56:55] Modify product: Probable 2,4-dienoyl-CoA reductase => putative 2,4-dienoyl-CoA reductase
[12:56:55] Modify product: Probable enoyl-CoA hydratase echA8 => putative enoyl-CoA hydratase echA8
[12:56:55] Modify product: Probable 3-hydroxybutyryl-CoA dehydrogenase => putative 3-hydroxybutyryl-CoA dehydrogenase
[12:56:55] Modify product: Cytochrome b561 homolog 1 => Cytochrome b561 
[12:56:55] Modify product: Probable metallo-hydrolase BURPS1710b_2304 => putative metallo-hydrolase
[12:56:55] Modify product: Probable membrane transporter protein XF_0764 => putative membrane transporter protein
[12:56:55] Modify product: Probable enoyl-CoA hydratase echA12 => putative enoyl-CoA hydratase echA12
[12:56:55] Modify product: Probable GTPase Rv1496 => putative GTPase
[12:56:55] Modify product: UPF0053 inner membrane protein YfjD => hypothetical protein
[12:56:56] Modify product: Putative peptidyl-prolyl cis-trans isomerase HP_0175 => Putative peptidyl-prolyl cis-trans isomerase
[12:56:56] Modify product: Putative universal stress protein SA1532 => Putative universal stress protein
[12:56:56] Modify product: Probable 2,4-dienoyl-CoA reductase => putative 2,4-dienoyl-CoA reductase
[12:56:56] Modify product: Putative monooxygenase Rv1533 => Putative monooxygenase
[12:56:56] Modify product: Probable alcohol dehydrogenase adh => putative alcohol dehydrogenase adh
[12:56:56] Modify product: Probable TonB-dependent receptor NMB0964 => putative TonB-dependent receptor
[12:56:56] Modify product: Uncharacterized zinc-type alcohol dehydrogenase-like protein YdjJ => putative zinc-type alcohol dehydrogenase-like protein YdjJ
[12:56:56] Modify product: Uncharacterized GST-like protein YibF => putative GST-like protein YibF
[12:56:56] Modify product: Uncharacterized protein Rv2411c => putative protein
[12:56:56] Modify product: Uncharacterized protein Rv2569c => putative protein
[12:56:56] Modify product: Probable enoyl-CoA hydratase echA8 => putative enoyl-CoA hydratase echA8
[12:56:56] Modify product: Probable protein kinase UbiB => putative protein kinase UbiB
[12:56:56] Modify product: Uncharacterized HTH-type transcriptional regulator Rv3095 => putative HTH-type transcriptional regulator
[12:56:56] Modify product: Probable adenylyltransferase/sulfurtransferase MoeZ => putative adenylyltransferase/sulfurtransferase MoeZ
[12:56:56] Modify product: Probable malonic semialdehyde reductase RutE => putative malonic semialdehyde reductase RutE
[12:56:56] Modify product: UPF0102 protein RPA0323 => hypothetical protein
[12:56:56] Modify product: UPF0225 protein YchJ => hypothetical protein
[12:56:56] Modify product: Putative esterase Rv1847 => Putative esterase
[12:56:56] Modify product: Protease HtpX homolog => Protease HtpX 
[12:56:56] Modify product: Uncharacterized protein Rv2715 => putative protein
[12:56:56] Modify product: Uncharacterized protein PA3922 => putative protein
[12:56:56] Modify product: Bifunctional protein FolD => Bifunctional protein FolD protein
[12:56:56] Modify product: Uncharacterized oxidoreductase Rv1144 => putative oxidoreductase
[12:56:56] Modify product: Probable CtpA-like serine protease => putative CtpA-like serine protease
[12:56:56] Modify product: Uncharacterized protein Rv1488 => putative protein
[12:56:56] Modify product: UPF0178 protein YaiI => hypothetical protein
[12:56:56] Modify product: Probable copper-importing P-type ATPase A => putative copper-importing P-type ATPase A
[12:56:56] Modify product: Cytochrome c oxidase subunit 1 homolog, bacteroid => Cytochrome c oxidase subunit 1 , bacteroid
[12:56:56] Modify product: Probable NADH-specific resorcinol 4-hydroxylase => putative NADH-specific resorcinol 4-hydroxylase
[12:56:56] Modify product: Monocarboxylate 2-oxoacid-binding periplasmic protein all3028 => Monocarboxylate 2-oxoacid-binding periplasmic protein
[12:56:56] Modify product: Probable 3-hydroxyisobutyrate dehydrogenase => putative 3-hydroxyisobutyrate dehydrogenase
[12:56:56] Modify product: Uncharacterized protein YccU => putative protein YccU
[12:56:56] Modify product: Acetyltransferase PA3944 => Acetyltransferase
[12:56:56] Modify product: Probable ABC transporter-binding protein DR_1571 => putative ABC transporter-binding protein
[12:56:56] Modify product: Uncharacterized metal-dependent hydrolase YcfH => putative metal-dependent hydrolase YcfH
[12:56:56] Modify product: Uncharacterized oxidoreductase Rv1144 => putative oxidoreductase
[12:56:56] Modify product: Probable ATP-dependent transporter SufC => putative ATP-dependent transporter SufC
[12:56:56] Modify product: Uncharacterized protein HI_0933 => putative protein
[12:56:56] Modify product: Putative transport protein Rv0205 => Putative transport protein
[12:56:56] Modify product: Uncharacterized ABC transporter ATP-binding protein YheS => putative ABC transporter ATP-binding protein YheS
[12:56:56] Modify product: UPF0701 protein HI_0467 => hypothetical protein
[12:56:56] Modify product: Probable ribonucleotide transport ATP-binding protein mkl => putative ribonucleotide transport ATP-binding protein mkl
[12:56:56] Modify product: Uncharacterized oxidoreductase YciK => putative oxidoreductase YciK
[12:56:56] Modify product: Ribonuclease TTHA0252 => Ribonuclease
[12:56:56] Modify product: Uncharacterized ABC transporter ATP-binding protein YbiT => putative ABC transporter ATP-binding protein YbiT
[12:56:56] Modify product: Putative short-chain type dehydrogenase/reductase Rv0148 => Putative short-chain type dehydrogenase/reductase
[12:56:57] Modify product: Uncharacterized periplasmic iron-binding protein HI_0362 => putative periplasmic iron-binding protein
[12:56:57] Modify product: Putative short-chain type dehydrogenase/reductase Rv0148 => Putative short-chain type dehydrogenase/reductase
[12:56:57] Modify product: Putative NAD(P)H nitroreductase Rv3131 => Putative NAD(P)H nitroreductase
[12:56:57] Modify product: Uncharacterized ABC transporter ATP-binding protein YadG => putative ABC transporter ATP-binding protein YadG
[12:56:57] Modify product: Probable enoyl-CoA hydratase 1 => putative enoyl-CoA hydratase 1
[12:56:57] Modify product: Uncharacterized protein Rv1367c => putative protein
[12:56:57] Modify product: Probable multidrug resistance ABC transporter ATP-binding/permease protein YheI => putative multidrug resistance ABC transporter ATP-binding/permease protein YheI
[12:56:57] Modify product: Uncharacterized ABC transporter ATP-binding protein TM_0288 => putative ABC transporter ATP-binding protein
[12:56:57] Modify product: Uncharacterized ABC transporter ATP-binding protein YknY => putative ABC transporter ATP-binding protein YknY
[12:56:57] Modify product: Probable sphingosine-1-phosphate lyase => putative sphingosine-1-phosphate lyase
[12:56:57] Modify product: Uncharacterized protein Rv2004c => putative protein
[12:56:57] Modify product: Uncharacterized FAD-linked oxidoreductase Rv2280 => putative FAD-linked oxidoreductase
[12:56:57] Modify product: UPF0053 inner membrane protein YtfL => hypothetical protein
[12:56:57] Modify product: Probable nicotinate-nucleotide pyrophosphorylase [carboxylating] => putative nicotinate-nucleotide pyrophosphorylase [carboxylating]
[12:56:57] Modify product: Probable glycine dehydrogenase (decarboxylating) subunit 2 => putative glycine dehydrogenase (decarboxylating) subunit 2
[12:56:57] Modify product: Probable glycine dehydrogenase (decarboxylating) subunit 1 => putative glycine dehydrogenase (decarboxylating) subunit 1
[12:56:57] Modify product: Peroxiredoxin sll1621 => Peroxiredoxin
[12:56:57] Modify product: UPF0301 protein AlgH => hypothetical protein
[12:56:57] Modify product: Uncharacterized zinc protease Rv2782c => putative zinc protease
[12:56:57] Modify product: Uncharacterized protein Rv2913c => putative protein
[12:56:57] Modify product: Probable enoyl-CoA hydratase echA8 => putative enoyl-CoA hydratase echA8
[12:56:57] Modify product: Uncharacterized protein Rv2913c => putative protein
[12:56:57] Modify product: Probable enoyl-CoA hydratase echA8 => putative enoyl-CoA hydratase echA8
[12:56:57] Modify product: Probable enoyl-CoA hydratase echA8 => putative enoyl-CoA hydratase echA8
[12:56:57] Modify product: Putative acyltransferase Rv0859 => Putative acyltransferase
[12:56:57] Modify product: Monocarboxylate 2-oxoacid-binding periplasmic protein all3028 => Monocarboxylate 2-oxoacid-binding periplasmic protein
[12:56:57] Modify product: Probable 2,4-dienoyl-CoA reductase => putative 2,4-dienoyl-CoA reductase
[12:56:57] Modify product: Uncharacterized protein YfgD => putative protein YfgD
[12:56:57] Modify product: Uncharacterized protein Rv1276c => putative protein
[12:56:57] Modify product: Probable zinc-binding alcohol dehydrogenase Rv1895 => putative zinc-binding alcohol dehydrogenase
[12:56:57] Modify product: Uncharacterized monooxygenase Rv0892 => putative monooxygenase
[12:56:57] Modify product: Uncharacterized aminopeptidase Rv1333 => putative aminopeptidase
[12:56:57] Modify product: Probable GTP-binding protein EngB => putative GTP-binding protein EngB
[12:56:57] Modify product: Uncharacterized zinc protease Rv2782c => putative zinc protease
[12:56:57] Modify product: Uncharacterized zinc protease Rv2782c => putative zinc protease
[12:56:57] Modify product: Probable lipoprotein YiaD => putative lipoprotein YiaD
[12:56:57] Modify product: Nucleoid-associated protein HI_0442 => Nucleoid-associated protein
[12:56:57] Modify product: Uncharacterized ABC transporter ATP-binding protein YejF => putative ABC transporter ATP-binding protein YejF
[12:56:57] Modify product: Uncharacterized protein YisK => putative protein YisK
[12:56:57] Modify product: Probable enoyl-CoA hydratase echA6 => putative enoyl-CoA hydratase echA6
[12:56:57] Modify product: Uncharacterized ABC transporter ATP-binding protein YadG => putative ABC transporter ATP-binding protein YadG
[12:56:57] Modify product: Methyl-accepting chemotaxis protein Amb2333 => Methyl-accepting chemotaxis protein
[12:56:57] Modify product: Putative acyltransferase Rv0859 => Putative acyltransferase
[12:56:57] Modify product: Probable alcohol dehydrogenase AdhA => putative alcohol dehydrogenase AdhA
[12:56:57] Modify product: Probable bifunctional transcriptional activator/DNA repair enzyme AlkA => putative bifunctional transcriptional activator/DNA repair enzyme AlkA
[12:56:57] Modify product: PKHD-type hydroxylase Sbal_3634 => PKHD-type hydroxylase
[12:56:57] Modify product: Uncharacterized HTH-type transcriptional regulator YbaQ => putative HTH-type transcriptional regulator YbaQ
[12:56:57] Cleaned 134 /product names
[12:56:57] Deleting unwanted file: parvibaculum-short.FASTA.prokka.output/PROKKA_05052020.sprot.tmp.31182.faa
[12:56:57] Deleting unwanted file: parvibaculum-short.FASTA.prokka.output/PROKKA_05052020.sprot.tmp.31182.blast
[12:56:58] There are still 1508 unannotated CDS left (started with 3056)
[12:56:58] Will use hmmer3 to search against /Users/richardshao17/miniconda3/db/hmm/HAMAP.hmm with 4 CPUs
[12:56:58] Running: cat parvibaculum\-short\.FASTA\.prokka\.output\/PROKKA_05052020\.HAMAP\.hmm\.tmp\.31182\.faa | parallel --gnu --plain -j 4 --block 53304 --recstart '>' --pipe hmmscan --noali --notextw --acc -E 1e-09 --cpu 1 /Users/richardshao17/miniconda3/db/hmm/HAMAP.hmm /dev/stdin > parvibaculum\-short\.FASTA\.prokka\.output\/PROKKA_05052020\.HAMAP\.hmm\.tmp\.31182\.hmmer3 2> /dev/null
[12:57:28] Modify product: Uncharacterized MFS-type transporter YcaD => putative MFS-type transporter YcaD
[12:57:28] Modify product: Uncharacterized MFS-type transporter YfcJ => putative MFS-type transporter YfcJ
[12:57:28] Modify product: Uncharacterized Nudix hydrolase NudL => putative Nudix hydrolase NudL
[12:57:28] Modify product: Uncharacterized MFS-type transporter YcaD => putative MFS-type transporter YcaD
[12:57:28] Modify product: Uncharacterized Nudix hydrolase NudL => putative Nudix hydrolase NudL
[12:57:29] Modify product: Uncharacterized MFS-type transporter YcaD => putative MFS-type transporter YcaD
[12:57:29] Cleaned 6 /product names
[12:57:29] Deleting unwanted file: parvibaculum-short.FASTA.prokka.output/PROKKA_05052020.HAMAP.hmm.tmp.31182.faa
[12:57:29] Deleting unwanted file: parvibaculum-short.FASTA.prokka.output/PROKKA_05052020.HAMAP.hmm.tmp.31182.hmmer3
[12:57:29] Labelling remaining 1262 proteins as 'hypothetical protein'
[12:57:29] Possible /pseudo 'Multidrug resistance protein MdtC' at contig_24 position 373507
[12:57:29] Possible /pseudo 'Aclacinomycin methylesterase RdmC' at contig_24 position 507172
[12:57:29] Possible /pseudo 'Putative acyl-CoA dehydrogenase FadE17' at contig_24 position 647346
[12:57:29] Possible /pseudo 'High-affinity branched-chain amino acid transport ATP-binding protein LivF' at contig_24 position 808248
[12:57:29] Possible /pseudo 'Lipid A 1-diphosphate synthase' at contig_24 position 1072762
[12:57:29] Possible /pseudo 'Methionine synthase' at contig_24 position 1132139
[12:57:29] Possible /pseudo 'Flagellar basal-body rod protein FlgG' at contig_24 position 1300155
[12:57:29] Possible /pseudo 'Spore protein SP21' at contig_24 position 1570563
[12:57:29] Possible /pseudo 'Spore protein SP21' at contig_24 position 1570982
[12:57:29] Possible /pseudo 'Tol-Pal system protein TolR' at contig_24 position 1610429
[12:57:29] Possible /pseudo 'O-acetyl-L-homoserine sulfhydrylase' at contig_24 position 1644642
[12:57:29] Possible /pseudo '6-aminohexanoate-cyclic-dimer hydrolase' at contig_24 position 1745757
[12:57:29] Possible /pseudo 'Regulator of nucleoside diphosphate kinase' at contig_24 position 1762007
[12:57:29] Possible /pseudo '1,2-epoxyphenylacetyl-CoA isomerase' at contig_24 position 1967816
[12:57:29] Possible /pseudo 'Putative NADP-dependent oxidoreductase YfmJ' at contig_24 position 2175724
[12:57:29] Possible /pseudo 'Cytochrome b/c1' at contig_24 position 2314959
[12:57:29] Possible /pseudo '(R)-phenoxypropionate/alpha-ketoglutarate-dioxygenase' at contig_24 position 2406360
[12:57:29] Possible /pseudo 'Histidine--tRNA ligase' at contig_24 position 2643318
[12:57:29] Possible /pseudo 'Isonitrile hydratase' at contig_24 position 2755609
[12:57:29] Possible /pseudo 'putative zinc protease' at contig_24 position 2887570
[12:57:29] Possible /pseudo 'Copper resistance protein A' at contig_24 position 3039392
[12:57:29] Possible /pseudo 'Fatty-acid peroxygenase' at contig_24 position 3051639
[12:57:29] Possible /pseudo 'Sensor histidine kinase RcsC' at contig_24 position 3107966
[12:57:29] Found 1297 unique /gene codes.
[12:57:29] Fixed 3 duplicate /gene - ycaD_1 ycaD_2 ycaD_3
[12:57:29] Fixed 2 duplicate /gene - copB_1 copB_2
[12:57:29] Fixed 2 duplicate /gene - yadG_1 yadG_2
[12:57:29] Fixed 4 duplicate /gene - mdtC_1 mdtC_2 mdtC_3 mdtC_4
[12:57:29] Fixed 2 duplicate /gene - mcd_1 mcd_2
[12:57:29] Fixed 2 duplicate /gene - fbcH_1 fbcH_2
[12:57:29] Fixed 2 duplicate /gene - gatA_1 gatA_2
[12:57:29] Fixed 5 duplicate /gene - qorA_1 qorA_2 qorA_3 qorA_4 qorA_5
[12:57:29] Fixed 2 duplicate /gene - aes_1 aes_2
[12:57:29] Fixed 2 duplicate /gene - bioI_1 bioI_2
[12:57:29] Fixed 2 duplicate /gene - dnaJ_1 dnaJ_2
[12:57:29] Fixed 2 duplicate /gene - pyrC_1 pyrC_2
[12:57:29] Fixed 3 duplicate /gene - yfmJ_1 yfmJ_2 yfmJ_3
[12:57:29] Fixed 2 duplicate /gene - nanT_1 nanT_2
[12:57:29] Fixed 5 duplicate /gene - fdxE_1 fdxE_2 fdxE_3 fdxE_4 fdxE_5
[12:57:29] Fixed 2 duplicate /gene - tolQ_1 tolQ_2
[12:57:29] Fixed 2 duplicate /gene - trpG_1 trpG_2
[12:57:29] Fixed 3 duplicate /gene - ephA_1 ephA_2 ephA_3
[12:57:29] Fixed 2 duplicate /gene - menB_1 menB_2
[12:57:29] Fixed 2 duplicate /gene - lrp_1 lrp_2
[12:57:29] Fixed 7 duplicate /gene - acrC_1 acrC_2 acrC_3 acrC_4 acrC_5 acrC_6 acrC_7
[12:57:29] Fixed 2 duplicate /gene - ihfA_1 ihfA_2
[12:57:29] Fixed 2 duplicate /gene - ubiB_1 ubiB_2
[12:57:29] Fixed 2 duplicate /gene - prs_1 prs_2
[12:57:29] Fixed 2 duplicate /gene - ilvD_1 ilvD_2
[12:57:29] Fixed 4 duplicate /gene - xerC_1 xerC_2 xerC_3 xerC_4
[12:57:29] Fixed 2 duplicate /gene - degP_1 degP_2
[12:57:29] Fixed 2 duplicate /gene - lon_1 lon_2
[12:57:29] Fixed 2 duplicate /gene - htpX_1 htpX_2
[12:57:29] Fixed 8 duplicate /gene - COQ5_1 COQ5_2 COQ5_3 COQ5_4 COQ5_5 COQ5_6 COQ5_7 COQ5_8
[12:57:29] Fixed 2 duplicate /gene - metH_1 metH_2
[12:57:29] Fixed 2 duplicate /gene - rssB_1 rssB_2
[12:57:29] Fixed 2 duplicate /gene - yqaA_1 yqaA_2
[12:57:29] Fixed 2 duplicate /gene - adh_1 adh_2
[12:57:29] Fixed 2 duplicate /gene - gno_1 gno_2
[12:57:29] Fixed 2 duplicate /gene - puuB_1 puuB_2
[12:57:29] Fixed 3 duplicate /gene - carB_1 carB_2 carB_3
[12:57:29] Fixed 2 duplicate /gene - hisS_1 hisS_2
[12:57:29] Fixed 5 duplicate /gene - copA_1 copA_2 copA_3 copA_4 copA_5
[12:57:29] Fixed 3 duplicate /gene - smtB_1 smtB_2 smtB_3
[12:57:29] Fixed 2 duplicate /gene - tauD_1 tauD_2
[12:57:29] Fixed 2 duplicate /gene - hcaB_1 hcaB_2
[12:57:29] Fixed 2 duplicate /gene - rhlE_1 rhlE_2
[12:57:29] Fixed 2 duplicate /gene - kdsB_1 kdsB_2
[12:57:29] Fixed 3 duplicate /gene - slyA_1 slyA_2 slyA_3
[12:57:29] Fixed 2 duplicate /gene - nusG_1 nusG_2
[12:57:29] Fixed 2 duplicate /gene - pdxH_1 pdxH_2
[12:57:29] Fixed 2 duplicate /gene - ald_1 ald_2
[12:57:29] Fixed 2 duplicate /gene - rfaF_1 rfaF_2
[12:57:29] Fixed 8 duplicate /gene - linC_1 linC_2 linC_3 linC_4 linC_5 linC_6 linC_7 linC_8
[12:57:29] Fixed 2 duplicate /gene - rppH_1 rppH_2
[12:57:29] Fixed 2 duplicate /gene - dnaA_1 dnaA_2
[12:57:29] Fixed 2 duplicate /gene - mshA_1 mshA_2
[12:57:29] Fixed 2 duplicate /gene - ros_1 ros_2
[12:57:29] Fixed 2 duplicate /gene - dmlR_1 dmlR_2
[12:57:29] Fixed 2 duplicate /gene - nudL_1 nudL_2
[12:57:29] Fixed 2 duplicate /gene - hmuU_1 hmuU_2
[12:57:29] Fixed 2 duplicate /gene - flhA_1 flhA_2
[12:57:29] Fixed 2 duplicate /gene - queG_1 queG_2
[12:57:29] Fixed 4 duplicate /gene - gloB_1 gloB_2 gloB_3 gloB_4
[12:57:29] Fixed 2 duplicate /gene - iscR_1 iscR_2
[12:57:29] Fixed 2 duplicate /gene - livH_1 livH_2
[12:57:29] Fixed 2 duplicate /gene - bamA_1 bamA_2
[12:57:29] Fixed 2 duplicate /gene - rdmC_1 rdmC_2
[12:57:29] Fixed 3 duplicate /gene - acsA_1 acsA_2 acsA_3
[12:57:29] Fixed 3 duplicate /gene - acdA_1 acdA_2 acdA_3
[12:57:29] Fixed 2 duplicate /gene - cysD_1 cysD_2
[12:57:29] Fixed 3 duplicate /gene - carC_1 carC_2 carC_3
[12:57:29] Fixed 3 duplicate /gene - dmdC_1 dmdC_2 dmdC_3
[12:57:29] Fixed 8 duplicate /gene - menH_1 menH_2 menH_3 menH_4 menH_5 menH_6 menH_7 menH_8
[12:57:29] Fixed 2 duplicate /gene - dat_1 dat_2
[12:57:29] Fixed 2 duplicate /gene - fabI_1 fabI_2
[12:57:29] Fixed 3 duplicate /gene - nsaD_1 nsaD_2 nsaD_3
[12:57:29] Fixed 2 duplicate /gene - cheA_1 cheA_2
[12:57:29] Fixed 3 duplicate /gene - mlhB_1 mlhB_2 mlhB_3
[12:57:29] Fixed 2 duplicate /gene - clcD_1 clcD_2
[12:57:29] Fixed 2 duplicate /gene - ndhB_1 ndhB_2
[12:57:29] Fixed 2 duplicate /gene - pepA_1 pepA_2
[12:57:29] Fixed 2 duplicate /gene - thiE_1 thiE_2
[12:57:29] Fixed 8 duplicate /gene - sasA_1 sasA_2 sasA_3 sasA_4 sasA_5 sasA_6 sasA_7 sasA_8
[12:57:29] Fixed 2 duplicate /gene - gppA_1 gppA_2
[12:57:29] Fixed 2 duplicate /gene - inhA_1 inhA_2
[12:57:29] Fixed 2 duplicate /gene - ethA_1 ethA_2
[12:57:29] Fixed 2 duplicate /gene - prmC_1 prmC_2
[12:57:29] Fixed 2 duplicate /gene - betA_1 betA_2
[12:57:29] Fixed 2 duplicate /gene - accA1_1 accA1_2
[12:57:29] Fixed 3 duplicate /gene - cysQ_1 cysQ_2 cysQ_3
[12:57:29] Fixed 2 duplicate /gene - msrB_1 msrB_2
[12:57:29] Fixed 2 duplicate /gene - glpQ_1 glpQ_2
[12:57:29] Fixed 2 duplicate /gene - suhB_1 suhB_2
[12:57:29] Fixed 2 duplicate /gene - paaG_1 paaG_2
[12:57:29] Fixed 2 duplicate /gene - lptB_1 lptB_2
[12:57:29] Fixed 2 duplicate /gene - dagK_1 dagK_2
[12:57:29] Fixed 4 duplicate /gene - fadH_1 fadH_2 fadH_3 fadH_4
[12:57:29] Fixed 2 duplicate /gene - yadH_1 yadH_2
[12:57:29] Fixed 2 duplicate /gene - msrA_1 msrA_2
[12:57:29] Fixed 2 duplicate /gene - amiC_1 amiC_2
[12:57:29] Fixed 2 duplicate /gene - ligF_1 ligF_2
[12:57:29] Fixed 2 duplicate /gene - gltX_1 gltX_2
[12:57:29] Fixed 2 duplicate /gene - traC_1 traC_2
[12:57:29] Fixed 2 duplicate /gene - cypC_1 cypC_2
[12:57:29] Fixed 2 duplicate /gene - lolD_1 lolD_2
[12:57:29] Fixed 2 duplicate /gene - ruvB_1 ruvB_2
[12:57:29] Fixed 2 duplicate /gene - atpG_1 atpG_2
[12:57:29] Fixed 2 duplicate /gene - cpdR_1 cpdR_2
[12:57:29] Fixed 2 duplicate /gene - flgG_1 flgG_2
[12:57:29] Fixed 3 duplicate /gene - btuB_1 btuB_2 btuB_3
[12:57:29] Fixed 2 duplicate /gene - yrbG_1 yrbG_2
[12:57:29] Fixed 3 duplicate /gene - pal_1 pal_2 pal_3
[12:57:29] Fixed 2 duplicate /gene - limB_1 limB_2
[12:57:29] Fixed 2 duplicate /gene - rpoH_1 rpoH_2
[12:57:29] Fixed 2 duplicate /gene - linX_1 linX_2
[12:57:29] Fixed 2 duplicate /gene - cinA_1 cinA_2
[12:57:29] Fixed 5 duplicate /gene - echA8_1 echA8_2 echA8_3 echA8_4 echA8_5
[12:57:29] Fixed 6 duplicate /gene - bepA_1 bepA_2 bepA_3 bepA_4 bepA_5 bepA_6
[12:57:29] Fixed 3 duplicate /gene - livF_1 livF_2 livF_3
[12:57:29] Fixed 2 duplicate /gene - yliI_1 yliI_2
[12:57:29] Fixed 4 duplicate /gene - hspA_1 hspA_2 hspA_3 hspA_4
[12:57:29] Fixed 2 duplicate /gene - yjmB_1 yjmB_2
[12:57:29] Fixed 4 duplicate /gene - cheB_1 cheB_2 cheB_3 cheB_4
[12:57:29] Fixed 3 duplicate /gene - cspA_1 cspA_2 cspA_3
[12:57:29] Fixed 2 duplicate /gene - rsmB_1 rsmB_2
[12:57:29] Fixed 2 duplicate /gene - mtgA_1 mtgA_2
[12:57:29] Fixed 2 duplicate /gene - lspA_1 lspA_2
[12:57:29] Fixed 8 duplicate /gene - fabG_1 fabG_2 fabG_3 fabG_4 fabG_5 fabG_6 fabG_7 fabG_8
[12:57:29] Fixed 22 duplicate /gene - rcsC_1 rcsC_2 rcsC_3 rcsC_4 rcsC_5 rcsC_6 rcsC_7 rcsC_8 rcsC_9 rcsC_10 rcsC_11 rcsC_12 rcsC_13 rcsC_14 rcsC_15 rcsC_16 rcsC_17 rcsC_18 rcsC_19 rcsC_20 rcsC_21 rcsC_22
[12:57:29] Fixed 4 duplicate /gene - rdpA_1 rdpA_2 rdpA_3 rdpA_4
[12:57:29] Fixed 3 duplicate /gene - dpgD_1 dpgD_2 dpgD_3
[12:57:29] Fixed 2 duplicate /gene - phaC_1 phaC_2
[12:57:29] Fixed 2 duplicate /gene - dapE_1 dapE_2
[12:57:29] Fixed 2 duplicate /gene - dxs_1 dxs_2
[12:57:29] Fixed 2 duplicate /gene - lexA_1 lexA_2
[12:57:29] Fixed 4 duplicate /gene - cpnA_1 cpnA_2 cpnA_3 cpnA_4
[12:57:29] Fixed 3 duplicate /gene - mmgC_1 mmgC_2 mmgC_3
[12:57:29] Fixed 2 duplicate /gene - luxA_1 luxA_2
[12:57:29] Fixed 2 duplicate /gene - xylP_1 xylP_2
[12:57:29] Fixed 2 duplicate /gene - merA_1 merA_2
[12:57:29] Fixed 2 duplicate /gene - entS_1 entS_2
[12:57:29] Fixed 2 duplicate /gene - nylA_1 nylA_2
[12:57:29] Fixed 4 duplicate /gene - cheY_1 cheY_2 cheY_3 cheY_4
[12:57:29] Fixed 2 duplicate /gene - mcl2_1 mcl2_2
[12:57:29] Fixed 2 duplicate /gene - clpP_1 clpP_2
[12:57:29] Fixed 4 duplicate /gene - fadA_1 fadA_2 fadA_3 fadA_4
[12:57:29] Fixed 2 duplicate /gene - tufA_1 tufA_2
[12:57:29] Fixed 2 duplicate /gene - ldc_1 ldc_2
[12:57:29] Fixed 3 duplicate /gene - lpxT_1 lpxT_2 lpxT_3
[12:57:29] Fixed 2 duplicate /gene - catD_1 catD_2
[12:57:29] Fixed 2 duplicate /gene - rnk_1 rnk_2
[12:57:29] Fixed 2 duplicate /gene - gstB_1 gstB_2
[12:57:29] Fixed 2 duplicate /gene - gph_1 gph_2
[12:57:29] Fixed 5 duplicate /gene - mdtA_1 mdtA_2 mdtA_3 mdtA_4 mdtA_5
[12:57:29] Fixed 2 duplicate /gene - pcm_1 pcm_2
[12:57:29] Fixed 2 duplicate /gene - metXA_1 metXA_2
[12:57:29] Fixed 2 duplicate /gene - pccB_1 pccB_2
[12:57:29] Fixed 4 duplicate /gene - cheW_1 cheW_2 cheW_3 cheW_4
[12:57:29] Fixed 3 duplicate /gene - menE_1 menE_2 menE_3
[12:57:29] Fixed 2 duplicate /gene - hisC_1 hisC_2
[12:57:29] Fixed 2 duplicate /gene - gcvT_1 gcvT_2
[12:57:29] Fixed 2 duplicate /gene - mkl_1 mkl_2
[12:57:29] Fixed 2 duplicate /gene - lolE_1 lolE_2
[12:57:29] Fixed 2 duplicate /gene - gpx1_1 gpx1_2
[12:57:29] Fixed 4 duplicate /gene - lcfB_1 lcfB_2 lcfB_3 lcfB_4
[12:57:29] Fixed 2 duplicate /gene - cheR_1 cheR_2
[12:57:29] Fixed 3 duplicate /gene - tolR_1 tolR_2 tolR_3
[12:57:29] Fixed 2 duplicate /gene - xthA_1 xthA_2
[12:57:29] Fixed 2 duplicate /gene - mntB_1 mntB_2
[12:57:29] Fixed 2 duplicate /gene - slmA_1 slmA_2
[12:57:29] Fixed 3 duplicate /gene - puuA_1 puuA_2 puuA_3
[12:57:29] Fixed 2 duplicate /gene - auaH_1 auaH_2
[12:57:29] Fixed 2 duplicate /gene - comM_1 comM_2
[12:57:29] Fixed 2 duplicate /gene - rnd_1 rnd_2
[12:57:29] Fixed 4 duplicate /gene - yfcG_1 yfcG_2 yfcG_3 yfcG_4
[12:57:29] Fixed 2 duplicate /gene - degU_1 degU_2
[12:57:29] Fixed 7 duplicate /gene - crt_1 crt_2 crt_3 crt_4 crt_5 crt_6 crt_7
[12:57:29] Fixed 2 duplicate /gene - glmU_1 glmU_2
[12:57:29] Fixed 3 duplicate /gene - pleC_1 pleC_2 pleC_3
[12:57:29] Fixed 3 duplicate /gene - dap_1 dap_2 dap_3
[12:57:29] Fixed 2 duplicate /gene - cntA_1 cntA_2
[12:57:29] Fixed 2 duplicate /gene - spuC_1 spuC_2
[12:57:29] Fixed 2 duplicate /gene - ibpA_1 ibpA_2
[12:57:29] Fixed 2 duplicate /gene - fadJ_1 fadJ_2
[12:57:29] Fixed 181 colliding /gene names.
[12:57:29] Adding /locus_tag identifiers
[12:57:29] Assigned 3108 locus_tags to CDS and RNA features.
[12:57:29] Writing outputs to parvibaculum-short.FASTA.prokka.output/
[12:57:30] Generating annotation statistics file
[12:57:30] Generating Genbank and Sequin files
[12:57:30] Running: tbl2asn -V b -a r10k -l paired-ends -M n -N 1 -y 'Annotated using prokka 1.14.6 from https://github.com/tseemann/prokka' -Z parvibaculum\-short\.FASTA\.prokka\.output\/PROKKA_05052020\.err -i parvibaculum\-short\.FASTA\.prokka\.output\/PROKKA_05052020\.fsa 2> /dev/null
[12:57:35] Could not run command: tbl2asn -V b -a r10k -l paired-ends -M n -N 1 -y 'Annotated using prokka 1.14.6 from https://github.com/tseemann/prokka' -Z parvibaculum\-short\.FASTA\.prokka\.output\/PROKKA_05052020\.err -i parvibaculum\-short\.FASTA\.prokka\.output\/PROKKA_05052020\.fsa 2> /dev/null
