[12:38:58] This is prokka 1.14.6
[12:38:58] Written by Torsten Seemann <torsten.seemann@gmail.com>
[12:38:58] Homepage is https://github.com/tseemann/prokka
[12:38:58] Local time is Tue May  5 12:38:58 2020
[12:38:58] You are richardshao17
[12:38:58] Operating system is darwin
[12:38:58] You have BioPerl 1.007002
[12:38:59] System has 4 cores.
[12:38:59] Option --cpu asked for 8 cores, but system only has 4
[12:38:59] Will use maximum of 4 cores.
[12:38:59] Annotating as >>> Bacteria <<<
[12:38:59] Generating locus_tag from 'Brevundimonas.FASTA' contents.
[12:38:59] Setting --locustag LHHIPBPA from MD5 51129b9aeb988c4efaf9115ff4ff1144
[12:38:59] Creating new output folder: Brevundimonas.FASTA.prokka.output
[12:38:59] Running: mkdir -p Brevundimonas\.FASTA\.prokka\.output
[12:38:59] Using filename prefix: PROKKA_05052020.XXX
[12:38:59] Setting HMMER_NCPU=1
[12:38:59] Writing log to: Brevundimonas.FASTA.prokka.output/PROKKA_05052020.log
[12:38:59] Command: /Users/richardshao17/miniconda3/bin/prokka Brevundimonas.FASTA --outdir Brevundimonas.FASTA.prokka.output
[12:38:59] Appending to PATH: /Users/richardshao17/miniconda3/bin
[12:38:59] Looking for 'aragorn' - found /Users/richardshao17/miniconda3/bin/aragorn
[12:38:59] Determined aragorn version is 001002 from 'ARAGORN v1.2.38 Dean Laslett'
[12:38:59] Looking for 'barrnap' - found /Users/richardshao17/miniconda3/bin/barrnap
[12:38:59] Determined barrnap version is 000009 from 'barrnap 0.9'
[12:38:59] Looking for 'blastp' - found /Users/richardshao17/miniconda3/bin/blastp
[12:38:59] Determined blastp version is 002009 from 'blastp: 2.9.0+'
[12:38:59] Looking for 'cmpress' - found /Users/richardshao17/miniconda3/bin/cmpress
[12:38:59] Determined cmpress version is 001001 from '# INFERNAL 1.1.2 (July 2016)'
[12:38:59] Looking for 'cmscan' - found /Users/richardshao17/miniconda3/bin/cmscan
[12:38:59] Determined cmscan version is 001001 from '# INFERNAL 1.1.2 (July 2016)'
[12:38:59] Looking for 'egrep' - found /usr/bin/egrep
[12:38:59] Looking for 'find' - found /usr/bin/find
[12:38:59] Looking for 'grep' - found /usr/bin/grep
[12:38:59] Looking for 'hmmpress' - found /Users/richardshao17/miniconda3/bin/hmmpress
[12:38:59] Determined hmmpress version is 003003 from '# HMMER 3.3 (Nov 2019); http://hmmer.org/'
[12:38:59] Looking for 'hmmscan' - found /Users/richardshao17/miniconda3/bin/hmmscan
[12:38:59] Determined hmmscan version is 003003 from '# HMMER 3.3 (Nov 2019); http://hmmer.org/'
[12:38:59] Looking for 'java' - found /Users/richardshao17/miniconda3/bin/java
[12:38:59] Looking for 'makeblastdb' - found /Users/richardshao17/miniconda3/bin/makeblastdb
[12:38:59] Determined makeblastdb version is 002009 from 'makeblastdb: 2.9.0+'
[12:38:59] Looking for 'minced' - found /Users/richardshao17/miniconda3/bin/minced
[12:38:59] Determined minced version is 004002 from 'minced 0.4.2'
[12:38:59] Looking for 'parallel' - found /Users/richardshao17/miniconda3/bin/parallel
[12:39:00] Determined parallel version is 20200322 from 'GNU parallel 20200322'
[12:39:00] Looking for 'prodigal' - found /Users/richardshao17/miniconda3/bin/prodigal
[12:39:00] Determined prodigal version is 002006 from 'Prodigal V2.6.3: February, 2016'
[12:39:00] Looking for 'prokka-genbank_to_fasta_db' - found /Users/richardshao17/miniconda3/bin/prokka-genbank_to_fasta_db
[12:39:00] Looking for 'sed' - found /usr/bin/sed
[12:39:00] Looking for 'tbl2asn' - found /Users/richardshao17/miniconda3/bin/tbl2asn
[12:39:00] Determined tbl2asn version is 025007 from 'tbl2asn 25.7   arguments:'
[12:39:00] Using genetic code table 11.
[12:39:00] Loading and checking input file: Brevundimonas.FASTA
[12:39:00] Wrote 1 contigs totalling 3059166 bp.
[12:39:00] Predicting tRNAs and tmRNAs
[12:39:00] Running: aragorn -l -gc11  -w Brevundimonas\.FASTA\.prokka\.output\/PROKKA_05052020\.fna
[12:39:02] 1 tRNA-Gly c[165750,165824] 33 (gcc)
[12:39:02] 2 tRNA-Thr c[268001,268082] 33 (ggt)
[12:39:02] 3 tRNA-Ile c[309631,309708] 35 (gat)
[12:39:02] 4 tRNA-Leu [347454,347545] 35 (gag)
[12:39:02] 5 tRNA-Gly c[450839,450912] 33 (ccc)
[12:39:02] 6 tRNA-Arg c[563658,563734] 35 (ccg)
[12:39:02] 7 tRNA-Val c[597587,597661] 33 (gac)
[12:39:02] 8 tRNA-Ala c[619507,619582] 34 (cgc)
[12:39:02] 9 tRNA-Thr c[682896,682971] 34 (cgt)
[12:39:02] 10 tRNA-Ala [753970,754065] 37 (ggc)
[12:39:02] 11 tRNA-Met c[763137,763213] 35 (cat)
[12:39:02] 12 tRNA-Leu [792513,792599] 35 (cag)
[12:39:02] 13 tRNA-Ala c[806512,806587] 34 (ggc)
[12:39:02] 14 tRNA-Leu c[859095,859179] 35 (caa)
[12:39:02] 15 tRNA-Ala c[928024,928097] 31 (ggc)
[12:39:02] 16 tRNA-Arg [1067750,1067826] 35 (cct)
[12:39:02] 17 tRNA-Ile [1248623,1248700] 36 (gat)
[12:39:02] 18 tRNA-Ala [1248760,1248835] 34 (tgc)
[12:39:02] 19 tRNA-Met [1252111,1252187] 35 (cat)
[12:39:02] 20 tRNA-Leu [1339753,1339837] 35 (taa)
[12:39:02] 21 tRNA-Ser [1540646,1540737] 35 (gct)
[12:39:02] 22 tRNA-Val c[1566600,1566674] 33 (cac)
[12:39:02] 23 tRNA-Asp c[1606670,1606746] 35 (gtc)
[12:39:02] 24 tRNA-Ser c[1668842,1668931] 35 (tga)
[12:39:02] 25 tRNA-Pro [1695166,1695242] 35 (ggg)
[12:39:02] 26 tRNA-Lys [1736148,1736224] 35 (ttt)
[12:39:02] 27 tRNA-Val c[1750256,1750332] 35 (tac)
[12:39:02] 28 tmRNA* c[1769485,1770028] 403,453 EATHGRRDAPRRRDAL*
[12:39:02] tRNA/tmRNA c[1769485,1770028] is too big (>500bp) - skipping.
[12:39:02] 29 tRNA-Pro c[1783023,1783099] 35 (cgg)
[12:39:02] 30 tRNA-Gln [1783255,1783328] 33 (ttg)
[12:39:02] 31 tRNA-Leu [1884907,1884991] 35 (tag)
[12:39:02] 32 tRNA-Cys [1895687,1895760] 33 (gca)
[12:39:02] 33 tRNA-Asn [1897059,1897133] 33 (gtt)
[12:39:02] 34 tRNA-Arg c[2218174,2218250] 35 (tct)
[12:39:02] 35 tRNA-Pro c[2218798,2218874] 35 (tgg)
[12:39:02] 36 tRNA-Glu c[2220248,2220322] 34 (ttc)
[12:39:02] 37 tRNA-Trp c[2285564,2285639] 34 (cca)
[12:39:02] tRNA c[2318832,2318908] is a pseudo/wacky gene - skipping.
[12:39:02] 39 tRNA-Ser [2324307,2324396] 35 (cga)
[12:39:02] 40 tRNA-Thr [2346208,2346283] 34 (tgt)
[12:39:02] 41 tRNA-Gly c[2411556,2411629] 33 (tcc)
[12:39:02] 42 tRNA-Tyr c[2411705,2411788] 35 (gta)
[12:39:02] 43 tRNA-His c[2425696,2425772] 35 (gtg)
[12:39:02] 44 tRNA-Phe c[2429214,2429289] 34 (gaa)
[12:39:02] 45 tRNA-Thr [2434127,2434201] 33 (ggt)
[12:39:02] 46 tRNA-Leu [2440672,2440758] 35 (gag)
[12:39:02] 47 tRNA-Ser [2462259,2462348] 35 (gga)
[12:39:02] 48 tRNA-Lys [2541092,2541167] 34 (ctt)
[12:39:02] 49 tRNA-Met [2647148,2647222] 34 (cat)
[12:39:02] 50 tRNA-Arg [3017479,3017555] 35 (acg)
[12:39:02] Found 48 tRNAs
[12:39:02] Predicting Ribosomal RNAs
[12:39:02] Running Barrnap with 4 threads
[12:39:03] 1 contig_788 1246982 16S ribosomal RNA
[12:39:03] 2 contig_788 1249051 23S ribosomal RNA
[12:39:03] 3 contig_788 1251922 5S ribosomal RNA
[12:39:03] Found 3 rRNAs
[12:39:03] Skipping ncRNA search, enable with --rfam if desired.
[12:39:03] Total of 51 tRNA + rRNA features
[12:39:03] Searching for CRISPR repeats
[12:39:04] Found 0 CRISPRs
[12:39:04] Predicting coding sequences
[12:39:04] Contigs total 3059166 bp, so using single mode
[12:39:04] Running: prodigal -i Brevundimonas\.FASTA\.prokka\.output\/PROKKA_05052020\.fna -c -m -g 11 -p single -f sco -q
[12:39:10] Excluding CDS which overlaps existing RNA (tRNA) at contig_788:267413..268816 on - strand
[12:39:10] Excluding CDS which overlaps existing RNA (tRNA) at contig_788:308015..309871 on - strand
[12:39:10] Excluding CDS which overlaps existing RNA (tRNA) at contig_788:347520..348155 on + strand
[12:39:10] Excluding CDS which overlaps existing RNA (tRNA) at contig_788:753332..754063 on + strand
[12:39:10] Excluding CDS which overlaps existing RNA (tRNA) at contig_788:927510..928334 on + strand
[12:39:10] Excluding CDS which overlaps existing RNA (tRNA) at contig_788:1067702..1068310 on - strand
[12:39:10] Excluding CDS which overlaps existing RNA (tRNA) at contig_788:1248447..1248632 on + strand
[12:39:11] Excluding CDS which overlaps existing RNA (tRNA) at contig_788:2217022..2218215 on + strand
[12:39:11] Excluding CDS which overlaps existing RNA (tRNA) at contig_788:2647218..2648693 on - strand
[12:39:11] Excluding CDS which overlaps existing RNA (tRNA) at contig_788:3017511..3019193 on - strand
[12:39:12] Found 3107 CDS
[12:39:12] Connecting features back to sequences
[12:39:12] Not using genus-specific database. Try --usegenus to enable it.
[12:39:12] Annotating CDS, please be patient.
[12:39:12] Will use 4 CPUs for similarity searching.
[12:39:12] There are still 3107 unannotated CDS left (started with 3107)
[12:39:12] Will use blast to search against /Users/richardshao17/miniconda3/db/kingdom/Bacteria/IS with 4 CPUs
[12:39:12] Running: cat Brevundimonas\.FASTA\.prokka\.output\/PROKKA_05052020\.IS\.tmp\.30208\.faa | parallel --gnu --plain -j 4 --block 116089 --recstart '>' --pipe blastp -query - -db /Users/richardshao17/miniconda3/db/kingdom/Bacteria/IS -evalue 1e-30 -qcov_hsp_perc 90 -num_threads 1 -num_descriptions 1 -num_alignments 1 -seg no > Brevundimonas\.FASTA\.prokka\.output\/PROKKA_05052020\.IS\.tmp\.30208\.blast 2> /dev/null
[12:39:27] Deleting unwanted file: Brevundimonas.FASTA.prokka.output/PROKKA_05052020.IS.tmp.30208.faa
[12:39:27] Deleting unwanted file: Brevundimonas.FASTA.prokka.output/PROKKA_05052020.IS.tmp.30208.blast
[12:39:28] There are still 3097 unannotated CDS left (started with 3107)
[12:39:28] Will use blast to search against /Users/richardshao17/miniconda3/db/kingdom/Bacteria/AMR with 4 CPUs
[12:39:28] Running: cat Brevundimonas\.FASTA\.prokka\.output\/PROKKA_05052020\.AMR\.tmp\.30208\.faa | parallel --gnu --plain -j 4 --block 115669 --recstart '>' --pipe blastp -query - -db /Users/richardshao17/miniconda3/db/kingdom/Bacteria/AMR -evalue 9.99999999999999e-301 -qcov_hsp_perc 90 -num_threads 1 -num_descriptions 1 -num_alignments 1 -seg no > Brevundimonas\.FASTA\.prokka\.output\/PROKKA_05052020\.AMR\.tmp\.30208\.blast 2> /dev/null
[12:39:42] Deleting unwanted file: Brevundimonas.FASTA.prokka.output/PROKKA_05052020.AMR.tmp.30208.faa
[12:39:42] Deleting unwanted file: Brevundimonas.FASTA.prokka.output/PROKKA_05052020.AMR.tmp.30208.blast
[12:39:43] There are still 3097 unannotated CDS left (started with 3107)
[12:39:43] Will use blast to search against /Users/richardshao17/miniconda3/db/kingdom/Bacteria/sprot with 4 CPUs
[12:39:43] Running: cat Brevundimonas\.FASTA\.prokka\.output\/PROKKA_05052020\.sprot\.tmp\.30208\.faa | parallel --gnu --plain -j 4 --block 115669 --recstart '>' --pipe blastp -query - -db /Users/richardshao17/miniconda3/db/kingdom/Bacteria/sprot -evalue 1e-09 -qcov_hsp_perc 80 -num_threads 1 -num_descriptions 1 -num_alignments 1 -seg no > Brevundimonas\.FASTA\.prokka\.output\/PROKKA_05052020\.sprot\.tmp\.30208\.blast 2> /dev/null
[12:40:50] Modify product: UPF0098 protein YbhB => hypothetical protein
[12:40:50] Modify product: UPF0073 inner membrane protein YqfA => hypothetical protein
[12:40:50] Modify product: Putative multidrug export ATP-binding/permease protein SAV1866 => Putative multidrug export ATP-binding/permease protein
[12:40:50] Modify product: Uncharacterized oxidoreductase MSMEG_2408/MSMEI_2347 => putative oxidoreductase/MSMEI_2347
[12:40:50] Modify product: Putative cystathionine beta-synthase Rv1077 => Putative cystathionine beta-synthase
[12:40:50] Modify product: Uncharacterized protein Rv0897c => putative protein
[12:40:50] Modify product: Probable 3-phenylpropionic acid transporter => putative 3-phenylpropionic acid transporter
[12:40:50] Modify product: Bifunctional protein FolD => Bifunctional protein FolD protein
[12:40:50] Modify product: Probable enoyl-CoA hydratase echA8 => putative enoyl-CoA hydratase echA8
[12:40:50] Modify product: UPF0324 inner membrane protein YeiH => hypothetical protein
[12:40:50] Modify product: Uncharacterized GST-like protein YibF => putative GST-like protein YibF
[12:40:50] Modify product: Probable TonB-dependent receptor NMB0964 => putative TonB-dependent receptor
[12:40:50] Modify product: UPF0053 inner membrane protein YoaE => hypothetical protein
[12:40:50] Modify product: Uncharacterized oxidoreductase Rv1144 => putative oxidoreductase
[12:40:50] Modify product: Probable enoyl-CoA hydratase 1 => putative enoyl-CoA hydratase 1
[12:40:50] Modify product: Probable N-octanoylanthranilate hydrolase AqdA1 => putative N-octanoylanthranilate hydrolase AqdA1
[12:40:50] Modify product: Probable lipid II flippase MurJ => putative lipid II flippase MurJ
[12:40:50] Modify product: UPF0056 inner membrane protein YhgN => hypothetical protein
[12:40:50] Modify product: Protease HtpX homolog => Protease HtpX 
[12:40:50] Modify product: UPF0434 protein NMA0874 => hypothetical protein
[12:40:50] Modify product: Putative 2-hydroxyacid dehydrogenase SA2098 => Putative 2-hydroxyacid dehydrogenase
[12:40:51] Modify product: Probable ABC transporter permease protein HI_1471 => putative ABC transporter permease protein
[12:40:51] Modify product: Uncharacterized zinc protease Rv2782c => putative zinc protease
[12:40:51] Modify product: UPF0301 protein VC_0467 => hypothetical protein
[12:40:51] Modify product: Peroxiredoxin sll1621 => Peroxiredoxin
[12:40:51] Modify product: Uncharacterized protein Rv1276c => putative protein
[12:40:51] Modify product: Probable membrane transporter protein XF_0764 => putative membrane transporter protein
[12:40:51] Modify product: UPF0394 membrane protein XF_0765 => hypothetical protein
[12:40:51] Modify product: UPF0394 membrane protein XF_0766 => hypothetical protein
[12:40:51] Modify product: Probable transcriptional regulatory protein aq_1575 => putative transcriptional regulatory protein
[12:40:51] Modify product: HTH-type transcriptional regulator Rv2034 => HTH-type transcriptional regulator
[12:40:51] Modify product: Uncharacterized isomerase YddE => putative isomerase YddE
[12:40:51] Modify product: Uncharacterized oxidoreductase YghA => putative oxidoreductase YghA
[12:40:51] Modify product: UPF0126 inner membrane protein YadS => hypothetical protein
[12:40:51] Modify product: Uncharacterized protein CC_0952 => putative protein
[12:40:51] Modify product: Probable chaperone CsaA => putative chaperone CsaA
[12:40:51] Modify product: Probable glycine dehydrogenase (decarboxylating) subunit 2 => putative glycine dehydrogenase (decarboxylating) subunit 2
[12:40:51] Modify product: Probable glycine dehydrogenase (decarboxylating) subunit 1 => putative glycine dehydrogenase (decarboxylating) subunit 1
[12:40:51] Modify product: Acetyltransferase PA3944 => Acetyltransferase
[12:40:51] Modify product: Probable ATP synthase YscN => putative ATP synthase YscN
[12:40:51] Modify product: Probable membrane transporter protein XF_0764 => putative membrane transporter protein
[12:40:51] Modify product: Probable metallo-hydrolase BURPS1710b_2304 => putative metallo-hydrolase
[12:40:51] Modify product: UPF0178 protein YaiI => hypothetical protein
[12:40:51] Modify product: Putative acyltransferase Rv0859 => Putative acyltransferase
[12:40:51] Modify product: Putative short-chain type dehydrogenase/reductase Rv0148 => Putative short-chain type dehydrogenase/reductase
[12:40:51] Modify product: Probable malonic semialdehyde reductase RutE => putative malonic semialdehyde reductase RutE
[12:40:51] Modify product: Uncharacterized protein YcgM => putative protein YcgM
[12:40:51] Modify product: Uncharacterized protein HI_0933 => putative protein
[12:40:51] Modify product: Uncharacterized acyl-CoA thioester hydrolase HI_0827 => putative acyl-CoA thioester hydrolase
[12:40:51] Modify product: Cytochrome c oxidase subunit 1 homolog, bacteroid => Cytochrome c oxidase subunit 1 , bacteroid
[12:40:51] Modify product: Probable copper-importing P-type ATPase A => putative copper-importing P-type ATPase A
[12:40:51] Modify product: Uncharacterized ABC transporter ATP-binding protein YadG => putative ABC transporter ATP-binding protein YadG
[12:40:51] Modify product: Uncharacterized GST-like protein YibF => putative GST-like protein YibF
[12:40:51] Modify product: Uncharacterized ABC transporter ATP-binding protein YadG => putative ABC transporter ATP-binding protein YadG
[12:40:51] Modify product: Probable methylmalonyl-CoA mutase large subunit => putative methylmalonyl-CoA mutase large subunit
[12:40:51] Modify product: Uncharacterized transporter Rv1999c => putative transporter
[12:40:51] Modify product: Uncharacterized protein NMB0459 => putative protein
[12:40:51] Modify product: Probable 3-hydroxybutyryl-CoA dehydrogenase => putative 3-hydroxybutyryl-CoA dehydrogenase
[12:40:51] Modify product: Probable type I restriction enzyme BthVORF4518P M protein => putative type I restriction enzymeP M protein
[12:40:51] Modify product: Uncharacterized protein YjhP => putative protein YjhP
[12:40:51] Modify product: UPF0053 protein Rv1842c => hypothetical protein
[12:40:51] Modify product: UPF0053 protein Rv1842c => hypothetical protein
[12:40:51] Modify product: Probable ATP-dependent transporter SufC => putative ATP-dependent transporter SufC
[12:40:51] Modify product: Uncharacterized N-acetyltransferase YafP => putative N-acetyltransferase YafP
[12:40:51] Modify product: Probable siderophore transport system permease protein YfiZ => putative siderophore transport system permease protein YfiZ
[12:40:51] Modify product: Uncharacterized ABC transporter ATP-binding protein YheS => putative ABC transporter ATP-binding protein YheS
[12:40:51] Modify product: UPF0701 protein HI_0467 => hypothetical protein
[12:40:51] Modify product: Uncharacterized protein Rv1367c => putative protein
[12:40:51] Modify product: Uncharacterized FAD-linked oxidoreductase Rv2280 => putative FAD-linked oxidoreductase
[12:40:51] Modify product: Cytochrome b561 homolog 2 => Cytochrome b561 
[12:40:51] Modify product: Probable cation-transporting ATPase F => putative cation-transporting ATPase F
[12:40:51] Modify product: Universal stress protein MSMEG_3950/MSMEI_3859 => Universal stress protein/MSMEI_3859
[12:40:51] Modify product: Ribonuclease TTHA0252 => Ribonuclease
[12:40:51] Modify product: Probable L-galactonate transporter => putative L-galactonate transporter
[12:40:51] Modify product: Probable enoyl-CoA hydratase echA8 => putative enoyl-CoA hydratase echA8
[12:40:51] Modify product: Probable 3-hydroxybutyryl-CoA dehydrogenase => putative 3-hydroxybutyryl-CoA dehydrogenase
[12:40:52] Modify product: Uncharacterized ABC transporter ATP-binding protein YheS => putative ABC transporter ATP-binding protein YheS
[12:40:52] Modify product: Uncharacterized oxidoreductase YciK => putative oxidoreductase YciK
[12:40:52] Modify product: Uncharacterized protein HI_0103 => putative protein
[12:40:52] Modify product: Uncharacterized ABC transporter ATP-binding protein YxlF => putative ABC transporter ATP-binding protein YxlF
[12:40:52] Modify product: Probable nicotinate-nucleotide pyrophosphorylase [carboxylating] => putative nicotinate-nucleotide pyrophosphorylase [carboxylating]
[12:40:52] Modify product: Probable bifunctional transcriptional activator/DNA repair enzyme AlkA => putative bifunctional transcriptional activator/DNA repair enzyme AlkA
[12:40:52] Modify product: Uncharacterized ABC transporter ATP-binding protein YxlF => putative ABC transporter ATP-binding protein YxlF
[12:40:52] Modify product: Probable TonB-dependent receptor NMB0964 => putative TonB-dependent receptor
[12:40:52] Modify product: Probable HTH-type transcriptional repressor ExuR => putative HTH-type transcriptional repressor ExuR
[12:40:52] Modify product: Solute-binding protein Bamb_6123 => Solute-binding protein
[12:40:52] Modify product: Probable RNA polymerase sigma factor FecI => putative RNA polymerase sigma factor FecI
[12:40:52] Modify product: Uncharacterized protein YagA => putative protein YagA
[12:40:52] Modify product: Uncharacterized signaling protein CC_0091 => putative signaling protein
[12:40:52] Modify product: Probable murein peptide carboxypeptidase => putative murein peptide carboxypeptidase
[12:40:52] Modify product: UPF0073 inner membrane protein YqfA => hypothetical protein
[12:40:52] Modify product: Uncharacterized HTH-type transcriptional regulator YbaQ => putative HTH-type transcriptional regulator YbaQ
[12:40:52] Modify product: UPF0053 inner membrane protein YtfL => hypothetical protein
[12:40:52] Modify product: UPF0335 protein CCNA_03428 => hypothetical protein
[12:40:52] Modify product: Uncharacterized protein Rv0887c => putative protein
[12:40:52] Modify product: Uncharacterized tRNA/rRNA methyltransferase Rv3579c => putative tRNA/rRNA methyltransferase
[12:40:52] Modify product: Uncharacterized NTE family protein Rv2565 => putative NTE family protein
[12:40:52] Modify product: Probable acyl-CoA dehydrogenase fadE25 => putative acyl-CoA dehydrogenase fadE25
[12:40:52] Modify product: RutC family protein HI_0719 => RutC family protein
[12:40:52] Modify product: Uncharacterized protein Rv2569c => putative protein
[12:40:52] Modify product: Uncharacterized protein Rv2411c => putative protein
[12:40:52] Modify product: Probable succinyl-CoA:3-ketoacid coenzyme A transferase subunit A => putative succinyl-CoA:3-ketoacid coenzyme A transferase subunit A
[12:40:52] Modify product: Probable succinyl-CoA:3-ketoacid coenzyme A transferase subunit B => putative succinyl-CoA:3-ketoacid coenzyme A transferase subunit B
[12:40:52] Modify product: Probable peptidoglycan glycosyltransferase FtsW => putative peptidoglycan glycosyltransferase FtsW
[12:40:52] Modify product: Probable peptidoglycan D,D-transpeptidase FtsI => putative peptidoglycan D,D-transpeptidase FtsI
[12:40:52] Cleaned 105 /product names
[12:40:52] Deleting unwanted file: Brevundimonas.FASTA.prokka.output/PROKKA_05052020.sprot.tmp.30208.faa
[12:40:52] Deleting unwanted file: Brevundimonas.FASTA.prokka.output/PROKKA_05052020.sprot.tmp.30208.blast
[12:40:52] There are still 1874 unannotated CDS left (started with 3107)
[12:40:52] Will use hmmer3 to search against /Users/richardshao17/miniconda3/db/hmm/HAMAP.hmm with 4 CPUs
[12:40:52] Running: cat Brevundimonas\.FASTA\.prokka\.output\/PROKKA_05052020\.HAMAP\.hmm\.tmp\.30208\.faa | parallel --gnu --plain -j 4 --block 61533 --recstart '>' --pipe hmmscan --noali --notextw --acc -E 1e-09 --cpu 1 /Users/richardshao17/miniconda3/db/hmm/HAMAP.hmm /dev/stdin > Brevundimonas\.FASTA\.prokka\.output\/PROKKA_05052020\.HAMAP\.hmm\.tmp\.30208\.hmmer3 2> /dev/null
[12:41:30] Modify product: Uncharacterized Nudix hydrolase NudL => putative Nudix hydrolase NudL
[12:41:31] Cleaned 1 /product names
[12:41:31] Deleting unwanted file: Brevundimonas.FASTA.prokka.output/PROKKA_05052020.HAMAP.hmm.tmp.30208.faa
[12:41:31] Deleting unwanted file: Brevundimonas.FASTA.prokka.output/PROKKA_05052020.HAMAP.hmm.tmp.30208.hmmer3
[12:41:31] Labelling remaining 1638 proteins as 'hypothetical protein'
[12:41:31] Possible /pseudo 'DNA mismatch repair protein MutS' at contig_788 position 259392
[12:41:31] Possible /pseudo 'tRNA modification GTPase MnmE' at contig_788 position 310207
[12:41:31] Possible /pseudo 'NAD-specific glutamate dehydrogenase' at contig_788 position 330277
[12:41:31] Possible /pseudo 'Imidazolonepropionase' at contig_788 position 434614
[12:41:31] Possible /pseudo 'tRNA 5-methylaminomethyl-2-thiouridine biosynthesis bifunctional protein MnmC' at contig_788 position 587015
[12:41:31] Possible /pseudo 'Sensor histidine kinase RcsC' at contig_788 position 909809
[12:41:31] Possible /pseudo 'Bifunctional glutamine synthetase adenylyltransferase/adenylyl-removing enzyme' at contig_788 position 988781
[12:41:31] Possible /pseudo 'Dipeptidyl aminopeptidase BII' at contig_788 position 1017405
[12:41:31] Possible /pseudo 'Flagellar M-ring protein' at contig_788 position 1082333
[12:41:31] Possible /pseudo 'ATP synthase subunit b' at contig_788 position 1107183
[12:41:31] Possible /pseudo 'Flagellin' at contig_788 position 1225422
[12:41:31] Possible /pseudo 'Metalloprotease PmbA' at contig_788 position 1287163
[12:41:31] Possible /pseudo 'Deoxyguanosinetriphosphate triphosphohydrolase-like protein' at contig_788 position 1354399
[12:41:31] Possible /pseudo 'Cold shock protein CspA' at contig_788 position 1395183
[12:41:31] Possible /pseudo 'Methionine synthase' at contig_788 position 1464402
[12:41:31] Possible /pseudo 'Energy-dependent translational throttle protein EttA' at contig_788 position 1469781
[12:41:31] Possible /pseudo 'ATP-dependent RNA helicase HrpB' at contig_788 position 1878144
[12:41:31] Possible /pseudo '33 kDa chaperonin' at contig_788 position 2258963
[12:41:31] Possible /pseudo 'Elongation factor Tu' at contig_788 position 2289184
[12:41:31] Possible /pseudo 'UDP-N-acetylmuramoylalanine--D-glutamate ligase' at contig_788 position 2631556
[12:41:31] Possible /pseudo 'Carbamoyl-phosphate synthase small chain' at contig_788 position 2682861
[12:41:31] Found 1167 unique /gene codes.
[12:41:31] Fixed 3 duplicate /gene - gltX_1 gltX_2 gltX_3
[12:41:31] Fixed 2 duplicate /gene - phaC_1 phaC_2
[12:41:31] Fixed 3 duplicate /gene - acdA_1 acdA_2 acdA_3
[12:41:31] Fixed 2 duplicate /gene - bbsG_1 bbsG_2
[12:41:31] Fixed 3 duplicate /gene - bacC_1 bacC_2 bacC_3
[12:41:31] Fixed 2 duplicate /gene - dxs_1 dxs_2
[12:41:31] Fixed 2 duplicate /gene - lspA_1 lspA_2
[12:41:31] Fixed 2 duplicate /gene - nanT_1 nanT_2
[12:41:31] Fixed 2 duplicate /gene - pmbA_1 pmbA_2
[12:41:31] Fixed 2 duplicate /gene - arsC_1 arsC_2
[12:41:31] Fixed 3 duplicate /gene - cspA_1 cspA_2 cspA_3
[12:41:31] Fixed 2 duplicate /gene - wbpE_1 wbpE_2
[12:41:31] Fixed 2 duplicate /gene - fliF_1 fliF_2
[12:41:31] Fixed 2 duplicate /gene - rnd_1 rnd_2
[12:41:31] Fixed 2 duplicate /gene - dapA_1 dapA_2
[12:41:31] Fixed 2 duplicate /gene - rhlE_1 rhlE_2
[12:41:31] Fixed 2 duplicate /gene - exbD_1 exbD_2
[12:41:31] Fixed 2 duplicate /gene - lptD_1 lptD_2
[12:41:31] Fixed 4 duplicate /gene - pal_1 pal_2 pal_3 pal_4
[12:41:31] Fixed 3 duplicate /gene - yfcG_1 yfcG_2 yfcG_3
[12:41:31] Fixed 2 duplicate /gene - gloB_1 gloB_2
[12:41:31] Fixed 3 duplicate /gene - mrpD_1 mrpD_2 mrpD_3
[12:41:31] Fixed 2 duplicate /gene - pyrC_1 pyrC_2
[12:41:31] Fixed 2 duplicate /gene - gyrA_1 gyrA_2
[12:41:31] Fixed 2 duplicate /gene - acr3_1 acr3_2
[12:41:31] Fixed 2 duplicate /gene - hdfR_1 hdfR_2
[12:41:31] Fixed 2 duplicate /gene - yibF_1 yibF_2
[12:41:31] Fixed 2 duplicate /gene - cnrA_1 cnrA_2
[12:41:31] Fixed 4 duplicate /gene - hutI_1 hutI_2 hutI_3 hutI_4
[12:41:31] Fixed 4 duplicate /gene - COQ5_1 COQ5_2 COQ5_3 COQ5_4
[12:41:31] Fixed 3 duplicate /gene - ompR_1 ompR_2 ompR_3
[12:41:31] Fixed 2 duplicate /gene - yadH_1 yadH_2
[12:41:31] Fixed 2 duplicate /gene - erpA_1 erpA_2
[12:41:31] Fixed 2 duplicate /gene - ogt_1 ogt_2
[12:41:31] Fixed 2 duplicate /gene - mshA_1 mshA_2
[12:41:31] Fixed 2 duplicate /gene - atpG_1 atpG_2
[12:41:31] Fixed 3 duplicate /gene - gstB_1 gstB_2 gstB_3
[12:41:31] Fixed 2 duplicate /gene - hcaB_1 hcaB_2
[12:41:31] Fixed 2 duplicate /gene - carA_1 carA_2
[12:41:31] Fixed 3 duplicate /gene - fadA_1 fadA_2 fadA_3
[12:41:31] Fixed 3 duplicate /gene - blh_1 blh_2 blh_3
[12:41:31] Fixed 2 duplicate /gene - tolB_1 tolB_2
[12:41:31] Fixed 2 duplicate /gene - accA1_1 accA1_2
[12:41:31] Fixed 2 duplicate /gene - prmC_1 prmC_2
[12:41:31] Fixed 2 duplicate /gene - acsA_1 acsA_2
[12:41:31] Fixed 2 duplicate /gene - atpF_1 atpF_2
[12:41:31] Fixed 2 duplicate /gene - metH_1 metH_2
[12:41:31] Fixed 2 duplicate /gene - hslO_1 hslO_2
[12:41:31] Fixed 2 duplicate /gene - dmdC_1 dmdC_2
[12:41:31] Fixed 2 duplicate /gene - pcm_1 pcm_2
[12:41:31] Fixed 4 duplicate /gene - btuD_1 btuD_2 btuD_3 btuD_4
[12:41:31] Fixed 2 duplicate /gene - gshB_1 gshB_2
[12:41:31] Fixed 2 duplicate /gene - trxB_1 trxB_2
[12:41:31] Fixed 2 duplicate /gene - abgT_1 abgT_2
[12:41:31] Fixed 2 duplicate /gene - mutS_1 mutS_2
[12:41:31] Fixed 2 duplicate /gene - dnaJ_1 dnaJ_2
[12:41:31] Fixed 2 duplicate /gene - cheY_1 cheY_2
[12:41:31] Fixed 2 duplicate /gene - intA_1 intA_2
[12:41:31] Fixed 2 duplicate /gene - dap_1 dap_2
[12:41:31] Fixed 2 duplicate /gene - phoP_1 phoP_2
[12:41:31] Fixed 2 duplicate /gene - ettA_1 ettA_2
[12:41:31] Fixed 2 duplicate /gene - murD_1 murD_2
[12:41:31] Fixed 3 duplicate /gene - atoC_1 atoC_2 atoC_3
[12:41:31] Fixed 2 duplicate /gene - sdpR_1 sdpR_2
[12:41:31] Fixed 2 duplicate /gene - nhaP2_1 nhaP2_2
[12:41:31] Fixed 2 duplicate /gene - msrB_1 msrB_2
[12:41:31] Fixed 2 duplicate /gene - lpxD_1 lpxD_2
[12:41:31] Fixed 4 duplicate /gene - xerC_1 xerC_2 xerC_3 xerC_4
[12:41:31] Fixed 2 duplicate /gene - copA_1 copA_2
[12:41:31] Fixed 2 duplicate /gene - asnB_1 asnB_2
[12:41:31] Fixed 2 duplicate /gene - bdhA_1 bdhA_2
[12:41:31] Fixed 2 duplicate /gene - pncC_1 pncC_2
[12:41:31] Fixed 2 duplicate /gene - fabG_1 fabG_2
[12:41:31] Fixed 2 duplicate /gene - dapb2_1 dapb2_2
[12:41:31] Fixed 13 duplicate /gene - btuB_1 btuB_2 btuB_3 btuB_4 btuB_5 btuB_6 btuB_7 btuB_8 btuB_9 btuB_10 btuB_11 btuB_12 btuB_13
[12:41:31] Fixed 2 duplicate /gene - gyrB_1 gyrB_2
[12:41:31] Fixed 2 duplicate /gene - yheS_1 yheS_2
[12:41:31] Fixed 2 duplicate /gene - flhA_1 flhA_2
[12:41:31] Fixed 2 duplicate /gene - glnE_1 glnE_2
[12:41:31] Fixed 2 duplicate /gene - yadG_1 yadG_2
[12:41:31] Fixed 2 duplicate /gene - gatA_1 gatA_2
[12:41:31] Fixed 2 duplicate /gene - htpX_1 htpX_2
[12:41:31] Fixed 2 duplicate /gene - suhB_1 suhB_2
[12:41:31] Fixed 3 duplicate /gene - mnmC_1 mnmC_2 mnmC_3
[12:41:31] Fixed 2 duplicate /gene - ppiA_1 ppiA_2
[12:41:31] Fixed 2 duplicate /gene - menB_1 menB_2
[12:41:31] Fixed 2 duplicate /gene - mnhC1_1 mnhC1_2
[12:41:31] Fixed 4 duplicate /gene - bepA_1 bepA_2 bepA_3 bepA_4
[12:41:31] Fixed 2 duplicate /gene - yxlF_1 yxlF_2
[12:41:31] Fixed 2 duplicate /gene - echA8_1 echA8_2
[12:41:31] Fixed 3 duplicate /gene - cynT_1 cynT_2 cynT_3
[12:41:31] Fixed 2 duplicate /gene - hipA_1 hipA_2
[12:41:31] Fixed 2 duplicate /gene - mtgA_1 mtgA_2
[12:41:31] Fixed 2 duplicate /gene - mnmE_1 mnmE_2
[12:41:31] Fixed 2 duplicate /gene - thiE_1 thiE_2
[12:41:31] Fixed 2 duplicate /gene - hrpB_1 hrpB_2
[12:41:31] Fixed 2 duplicate /gene - murC_1 murC_2
[12:41:31] Fixed 3 duplicate /gene - fliC_1 fliC_2 fliC_3
[12:41:31] Fixed 2 duplicate /gene - ndhB_1 ndhB_2
[12:41:31] Fixed 2 duplicate /gene - murJ_1 murJ_2
[12:41:31] Fixed 2 duplicate /gene - iaaA_1 iaaA_2
[12:41:31] Fixed 22 duplicate /gene - rcsC_1 rcsC_2 rcsC_3 rcsC_4 rcsC_5 rcsC_6 rcsC_7 rcsC_8 rcsC_9 rcsC_10 rcsC_11 rcsC_12 rcsC_13 rcsC_14 rcsC_15 rcsC_16 rcsC_17 rcsC_18 rcsC_19 rcsC_20 rcsC_21 rcsC_22
[12:41:31] Fixed 2 duplicate /gene - pepA_1 pepA_2
[12:41:31] Fixed 2 duplicate /gene - tufA_1 tufA_2
[12:41:31] Fixed 3 duplicate /gene - phyR_1 phyR_2 phyR_3
[12:41:31] Fixed 2 duplicate /gene - ctaC_1 ctaC_2
[12:41:31] Fixed 2 duplicate /gene - mmgB_1 mmgB_2
[12:41:31] Fixed 2 duplicate /gene - namA_1 namA_2
[12:41:31] Fixed 2 duplicate /gene - hin_1 hin_2
[12:41:31] Fixed 2 duplicate /gene - yedK_1 yedK_2
[12:41:31] Fixed 2 duplicate /gene - folE_1 folE_2
[12:41:31] Fixed 2 duplicate /gene - caiA_1 caiA_2
[12:41:31] Fixed 2 duplicate /gene - qorA_1 qorA_2
[12:41:31] Fixed 3 duplicate /gene - dinG_1 dinG_2 dinG_3
[12:41:31] Fixed 11 duplicate /gene - sasA_1 sasA_2 sasA_3 sasA_4 sasA_5 sasA_6 sasA_7 sasA_8 sasA_9 sasA_10 sasA_11
[12:41:31] Fixed 2 duplicate /gene - xthA_1 xthA_2
[12:41:31] Fixed 3 duplicate /gene - degQ_1 degQ_2 degQ_3
[12:41:31] Fixed 117 colliding /gene names.
[12:41:31] Adding /locus_tag identifiers
[12:41:31] Assigned 3158 locus_tags to CDS and RNA features.
[12:41:31] Writing outputs to Brevundimonas.FASTA.prokka.output/
[12:41:32] Generating annotation statistics file
[12:41:32] Generating Genbank and Sequin files
[12:41:32] Running: tbl2asn -V b -a r10k -l paired-ends -M n -N 1 -y 'Annotated using prokka 1.14.6 from https://github.com/tseemann/prokka' -Z Brevundimonas\.FASTA\.prokka\.output\/PROKKA_05052020\.err -i Brevundimonas\.FASTA\.prokka\.output\/PROKKA_05052020\.fsa 2> /dev/null
[12:41:37] Could not run command: tbl2asn -V b -a r10k -l paired-ends -M n -N 1 -y 'Annotated using prokka 1.14.6 from https://github.com/tseemann/prokka' -Z Brevundimonas\.FASTA\.prokka\.output\/PROKKA_05052020\.err -i Brevundimonas\.FASTA\.prokka\.output\/PROKKA_05052020\.fsa 2> /dev/null
