[13:17:31] This is prokka 1.14.6
[13:17:31] Written by Torsten Seemann <torsten.seemann@gmail.com>
[13:17:31] Homepage is https://github.com/tseemann/prokka
[13:17:31] Local time is Tue May  5 13:17:31 2020
[13:17:31] You are richardshao17
[13:17:31] Operating system is darwin
[13:17:31] You have BioPerl 1.007002
[13:17:32] System has 4 cores.
[13:17:32] Option --cpu asked for 8 cores, but system only has 4
[13:17:32] Will use maximum of 4 cores.
[13:17:32] Annotating as >>> Bacteria <<<
[13:17:32] Generating locus_tag from 'Unknown.FASTA' contents.
[13:17:32] Setting --locustag NAHEBPPK from MD5 7a1eb994d979b30b5ba82eed45031a8e
[13:17:32] Creating new output folder: Unknown.FASTA.prokka.output
[13:17:32] Running: mkdir -p Unknown\.FASTA\.prokka\.output
[13:17:32] Using filename prefix: PROKKA_05052020.XXX
[13:17:32] Setting HMMER_NCPU=1
[13:17:32] Writing log to: Unknown.FASTA.prokka.output/PROKKA_05052020.log
[13:17:32] Command: /Users/richardshao17/miniconda3/bin/prokka Unknown.FASTA --outdir Unknown.FASTA.prokka.output
[13:17:32] Appending to PATH: /Users/richardshao17/miniconda3/bin
[13:17:32] Looking for 'aragorn' - found /Users/richardshao17/miniconda3/bin/aragorn
[13:17:32] Determined aragorn version is 001002 from 'ARAGORN v1.2.38 Dean Laslett'
[13:17:32] Looking for 'barrnap' - found /Users/richardshao17/miniconda3/bin/barrnap
[13:17:32] Determined barrnap version is 000009 from 'barrnap 0.9'
[13:17:32] Looking for 'blastp' - found /Users/richardshao17/miniconda3/bin/blastp
[13:17:32] Determined blastp version is 002009 from 'blastp: 2.9.0+'
[13:17:32] Looking for 'cmpress' - found /Users/richardshao17/miniconda3/bin/cmpress
[13:17:32] Determined cmpress version is 001001 from '# INFERNAL 1.1.2 (July 2016)'
[13:17:32] Looking for 'cmscan' - found /Users/richardshao17/miniconda3/bin/cmscan
[13:17:32] Determined cmscan version is 001001 from '# INFERNAL 1.1.2 (July 2016)'
[13:17:32] Looking for 'egrep' - found /usr/bin/egrep
[13:17:32] Looking for 'find' - found /usr/bin/find
[13:17:32] Looking for 'grep' - found /usr/bin/grep
[13:17:32] Looking for 'hmmpress' - found /Users/richardshao17/miniconda3/bin/hmmpress
[13:17:32] Determined hmmpress version is 003003 from '# HMMER 3.3 (Nov 2019); http://hmmer.org/'
[13:17:32] Looking for 'hmmscan' - found /Users/richardshao17/miniconda3/bin/hmmscan
[13:17:32] Determined hmmscan version is 003003 from '# HMMER 3.3 (Nov 2019); http://hmmer.org/'
[13:17:32] Looking for 'java' - found /Users/richardshao17/miniconda3/bin/java
[13:17:32] Looking for 'makeblastdb' - found /Users/richardshao17/miniconda3/bin/makeblastdb
[13:17:32] Determined makeblastdb version is 002009 from 'makeblastdb: 2.9.0+'
[13:17:32] Looking for 'minced' - found /Users/richardshao17/miniconda3/bin/minced
[13:17:32] Determined minced version is 004002 from 'minced 0.4.2'
[13:17:32] Looking for 'parallel' - found /Users/richardshao17/miniconda3/bin/parallel
[13:17:33] Determined parallel version is 20200322 from 'GNU parallel 20200322'
[13:17:33] Looking for 'prodigal' - found /Users/richardshao17/miniconda3/bin/prodigal
[13:17:33] Determined prodigal version is 002006 from 'Prodigal V2.6.3: February, 2016'
[13:17:33] Looking for 'prokka-genbank_to_fasta_db' - found /Users/richardshao17/miniconda3/bin/prokka-genbank_to_fasta_db
[13:17:33] Looking for 'sed' - found /usr/bin/sed
[13:17:33] Looking for 'tbl2asn' - found /Users/richardshao17/miniconda3/bin/tbl2asn
[13:17:33] Determined tbl2asn version is 025007 from 'tbl2asn 25.7   arguments:'
[13:17:33] Using genetic code table 11.
[13:17:33] Loading and checking input file: Unknown.FASTA
[13:17:33] Wrote 1 contigs totalling 3731041 bp.
[13:17:33] Predicting tRNAs and tmRNAs
[13:17:33] Running: aragorn -l -gc11  -w Unknown\.FASTA\.prokka\.output\/PROKKA_05052020\.fna
[13:17:35] 1 tRNA-Asp [93399,93475] 35 (gtc)
[13:17:35] 2 tRNA-Thr [313770,313844] 33 (ggt)
[13:17:35] 3 tRNA-His [464929,465005] 35 (gtg)
[13:17:35] 4 tRNA-Ala [495535,495613] 33 (ggc)
[13:17:35] 5 tRNA-Glu [509572,509646] 34 (ttc)
[13:17:35] 6 tRNA-Trp [539341,539416] 34 (cca)
[13:17:35] 7 tRNA-Ser [638361,638450] 35 (tga)
[13:17:35] 8 tRNA-Thr c[680029,680104] 34 (tgt)
[13:17:35] 9 tRNA-Leu [790103,790187] 35 (tag)
[13:17:35] 10 tRNA-Pro [835747,835824] 36 (ggg)
[13:17:35] 11 tRNA-Phe [893962,894036] 33 (gaa)
[13:17:35] 12 tRNA-Asn c[929816,929891] 34 (gtt)
[13:17:35] 13 tRNA-Cys c[930181,930254] 33 (gca)
[13:17:35] 14 tRNA-Leu c[1030202,1030286] 35 (cag)
[13:17:35] 15 tRNA-Ser c[1060937,1061026] 35 (gct)
[13:17:35] 16 tRNA-Pro c[1063062,1063135] 34 (ggg)
[13:17:35] 17 tRNA-Ser c[1213175,1213264] 35 (cga)
[13:17:35] 18 tRNA-Ala c[1219161,1219236] 34 (ggc)
[13:17:35] 19 tRNA-Leu c[1231870,1231954] 35 (gag)
[13:17:35] 20 tRNA-Leu c[1245515,1245600] 34 (taa)
[13:17:35] 21 tRNA-Lys c[1283203,1283278] 34 (ttt)
[13:17:35] 22 tRNA-Gly c[1385355,1385429] 33 (gcc)
[13:17:35] 23 tRNA-Gln c[1418748,1418821] 33 (ttg)
[13:17:35] 24 tRNA-Met c[1469869,1469945] 35 (cat)
[13:17:35] 25 tRNA-Ala c[1473481,1473556] 34 (tgc)
[13:17:35] 26 tRNA-Ile c[1473615,1473691] 35 (gat)
[13:17:35] 27 tRNA-Val c[1498356,1498431] 34 (tac)
[13:17:35] 28 tRNA-Pro [1513079,1513155] 35 (tgg)
[13:17:35] 29 tRNA-Arg [1612312,1612388] 35 (tct)
[13:17:35] 30 tRNA-Gly [1626118,1626191] 33 (ccc)
[13:17:35] 31 tRNA-Gly c[1655580,1655653] 33 (tcc)
[13:17:35] 32 tRNA-Tyr c[1655692,1655776] 35 (gta)
[13:17:35] 33 tRNA-Met [1685874,1685950] 35 (cat)
[13:17:35] 34 tRNA-Met [1912419,1912495] 35 (cat)
[13:17:35] 35 tRNA-Arg c[2262146,2262222] 35 (acg)
[13:17:35] 36 tRNA-Val c[2438620,2438694] 33 (gac)
[13:17:35] 37 tRNA-Arg [2442954,2443030] 35 (ccg)
[13:17:35] 38 tRNA-Ala [2623975,2624050] 34 (cgc)
[13:17:35] 39 tRNA-Ser [2681655,2681744] 35 (gga)
[13:17:35] 40 tRNA-Arg [2774323,2774399] 35 (cct)
[13:17:35] 41 tRNA-Ala [2889825,2889900] 34 (ggc)
[13:17:35] 42 tRNA-Thr c[3062124,3062199] 34 (cgt)
[13:17:35] 43 tRNA-Leu [3074380,3074463] 34 (caa)
[13:17:35] 44 tmRNA* [3298424,3298765] 210,251 ANDNFAEGELLAA*
[13:17:35] 45 tRNA-Gly c[3379540,3379625] 39 (gcc)
[13:17:35] 46 tRNA-Pro c[3622694,3622770] 35 (cgg)
[13:17:35] 47 tRNA-Val c[3692381,3692455] 33 (cac)
[13:17:35] Found 47 tRNAs
[13:17:35] Predicting Ribosomal RNAs
[13:17:35] Running Barrnap with 4 threads
[13:17:36] 1 contig_98 1470138 5S ribosomal RNA
[13:17:36] 2 contig_98 1470347 23S ribosomal RNA
[13:17:36] 3 contig_98 1473912 16S ribosomal RNA
[13:17:36] Found 3 rRNAs
[13:17:36] Skipping ncRNA search, enable with --rfam if desired.
[13:17:36] Total of 49 tRNA + rRNA features
[13:17:36] Searching for CRISPR repeats
[13:17:37] Found 0 CRISPRs
[13:17:37] Predicting coding sequences
[13:17:37] Contigs total 3731041 bp, so using single mode
[13:17:37] Running: prodigal -i Unknown\.FASTA\.prokka\.output\/PROKKA_05052020\.fna -c -m -g 11 -p single -f sco -q
[13:17:44] Excluding CDS which overlaps existing RNA (tRNA) at contig_98:495375..496583 on + strand
[13:17:44] Excluding CDS which overlaps existing RNA (tRNA) at contig_98:680006..680158 on + strand
[13:17:44] Excluding CDS which overlaps existing RNA (tRNA) at contig_98:930124..930369 on - strand
[13:17:44] Excluding CDS which overlaps existing RNA (tRNA) at contig_98:1061902..1063161 on - strand
[13:17:44] Excluding CDS which overlaps existing RNA (tRNA) at contig_98:1218529..1219557 on + strand
[13:17:44] Excluding CDS which overlaps existing RNA (tRNA) at contig_98:1231933..1232568 on - strand
[13:17:45] Excluding CDS which overlaps existing RNA (tRNA) at contig_98:2681280..2683361 on - strand
[13:17:45] Excluding CDS which overlaps existing RNA (tRNA) at contig_98:3378928..3380103 on - strand
[13:17:46] Found 3602 CDS
[13:17:46] Connecting features back to sequences
[13:17:46] Not using genus-specific database. Try --usegenus to enable it.
[13:17:46] Annotating CDS, please be patient.
[13:17:46] Will use 4 CPUs for similarity searching.
[13:17:46] There are still 3602 unannotated CDS left (started with 3602)
[13:17:46] Will use blast to search against /Users/richardshao17/miniconda3/db/kingdom/Bacteria/IS with 4 CPUs
[13:17:46] Running: cat Unknown\.FASTA\.prokka\.output\/PROKKA_05052020\.IS\.tmp\.32694\.faa | parallel --gnu --plain -j 4 --block 143655 --recstart '>' --pipe blastp -query - -db /Users/richardshao17/miniconda3/db/kingdom/Bacteria/IS -evalue 1e-30 -qcov_hsp_perc 90 -num_threads 1 -num_descriptions 1 -num_alignments 1 -seg no > Unknown\.FASTA\.prokka\.output\/PROKKA_05052020\.IS\.tmp\.32694\.blast 2> /dev/null
[13:18:03] Deleting unwanted file: Unknown.FASTA.prokka.output/PROKKA_05052020.IS.tmp.32694.faa
[13:18:03] Deleting unwanted file: Unknown.FASTA.prokka.output/PROKKA_05052020.IS.tmp.32694.blast
[13:18:04] There are still 3570 unannotated CDS left (started with 3602)
[13:18:04] Will use blast to search against /Users/richardshao17/miniconda3/db/kingdom/Bacteria/AMR with 4 CPUs
[13:18:04] Running: cat Unknown\.FASTA\.prokka\.output\/PROKKA_05052020\.AMR\.tmp\.32694\.faa | parallel --gnu --plain -j 4 --block 142622 --recstart '>' --pipe blastp -query - -db /Users/richardshao17/miniconda3/db/kingdom/Bacteria/AMR -evalue 9.99999999999999e-301 -qcov_hsp_perc 90 -num_threads 1 -num_descriptions 1 -num_alignments 1 -seg no > Unknown\.FASTA\.prokka\.output\/PROKKA_05052020\.AMR\.tmp\.32694\.blast 2> /dev/null
[13:18:18] Deleting unwanted file: Unknown.FASTA.prokka.output/PROKKA_05052020.AMR.tmp.32694.faa
[13:18:18] Deleting unwanted file: Unknown.FASTA.prokka.output/PROKKA_05052020.AMR.tmp.32694.blast
[13:18:19] There are still 3570 unannotated CDS left (started with 3602)
[13:18:19] Will use blast to search against /Users/richardshao17/miniconda3/db/kingdom/Bacteria/sprot with 4 CPUs
[13:18:19] Running: cat Unknown\.FASTA\.prokka\.output\/PROKKA_05052020\.sprot\.tmp\.32694\.faa | parallel --gnu --plain -j 4 --block 142622 --recstart '>' --pipe blastp -query - -db /Users/richardshao17/miniconda3/db/kingdom/Bacteria/sprot -evalue 1e-09 -qcov_hsp_perc 80 -num_threads 1 -num_descriptions 1 -num_alignments 1 -seg no > Unknown\.FASTA\.prokka\.output\/PROKKA_05052020\.sprot\.tmp\.32694\.blast 2> /dev/null
[13:19:33] Modify product: Probable ATP-dependent transporter SufC => putative ATP-dependent transporter SufC
[13:19:33] Modify product: Uncharacterized oxidoreductase Rv1144 => putative oxidoreductase
[13:19:33] Modify product: Uncharacterized oxidoreductase Rv0769 => putative oxidoreductase
[13:19:33] Modify product: Probable 2,4-dienoyl-CoA reductase => putative 2,4-dienoyl-CoA reductase
[13:19:33] Modify product: Uncharacterized protein Rv2569c => putative protein
[13:19:33] Modify product: Uncharacterized protein Rv2411c => putative protein
[13:19:33] Modify product: Probable TonB-dependent receptor BfrD => putative TonB-dependent receptor BfrD
[13:19:33] Modify product: Uncharacterized oxidoreductase SA2266 => putative oxidoreductase
[13:19:33] Modify product: Probable transporter SCO4007 => putative transporter
[13:19:33] Modify product: Uncharacterized protein Rv1405c => putative protein
[13:19:33] Modify product: Uncharacterized FAD-linked oxidoreductase Rv2280 => putative FAD-linked oxidoreductase
[13:19:33] Modify product: Cytochrome b561 homolog 2 => Cytochrome b561 
[13:19:33] Modify product: Monocarboxylate 2-oxoacid-binding periplasmic protein all3028 => Monocarboxylate 2-oxoacid-binding periplasmic protein
[13:19:33] Modify product: Probable N-acetyl-LL-diaminopimelate aminotransferase => putative N-acetyl-LL-diaminopimelate aminotransferase
[13:19:33] Modify product: Uncharacterized protein Rv1367c => putative protein
[13:19:33] Modify product: Putative short-chain type dehydrogenase/reductase Rv0148 => Putative short-chain type dehydrogenase/reductase
[13:19:33] Modify product: Uncharacterized ABC transporter ATP-binding protein YheS => putative ABC transporter ATP-binding protein YheS
[13:19:33] Modify product: UPF0382 membrane protein YwdK => hypothetical protein
[13:19:33] Modify product: UPF0335 protein CCNA_03428 => hypothetical protein
[13:19:33] Modify product: Uncharacterized protein Rv2715 => putative protein
[13:19:33] Modify product: Cytochrome c oxidase subunit 1 homolog, bacteroid => Cytochrome c oxidase subunit 1 , bacteroid
[13:19:33] Modify product: Probable copper-importing P-type ATPase A => putative copper-importing P-type ATPase A
[13:19:33] Modify product: PKHD-type hydroxylase Sbal_3634 => PKHD-type hydroxylase
[13:19:33] Modify product: Uncharacterized protein Rv2913c => putative protein
[13:19:33] Modify product: Probable enoyl-CoA hydratase echA8 => putative enoyl-CoA hydratase echA8
[13:19:33] Modify product: Uncharacterized protein YphB => putative protein YphB
[13:19:33] Modify product: Sulfurtransferase Alvin_2599 => Sulfurtransferase
[13:19:33] Modify product: Uncharacterized protein Rv2232 => putative protein
[13:19:33] Modify product: Prophage bactoprenol glucosyl transferase homolog => Prophage bactoprenol glucosyl transferase 
[13:19:33] Modify product: Uncharacterized FAD-linked oxidoreductase Rv2280 => putative FAD-linked oxidoreductase
[13:19:33] Modify product: Uncharacterized protein Rv2915c => putative protein
[13:19:33] Modify product: Probable enoyl-CoA hydratase echA8 => putative enoyl-CoA hydratase echA8
[13:19:33] Modify product: Uncharacterized protein Rv1367c => putative protein
[13:19:33] Modify product: UPF0758 protein => hypothetical protein
[13:19:33] Modify product: Uncharacterized ABC transporter ATP-binding protein YheS => putative ABC transporter ATP-binding protein YheS
[13:19:33] Modify product: Uncharacterized amino acid permease YhdG => putative amino acid permease YhdG
[13:19:33] Modify product: Putative monooxygenase Rv1533 => Putative monooxygenase
[13:19:33] Modify product: Putative acyltransferase Rv0859 => Putative acyltransferase
[13:19:33] Modify product: UPF0102 protein RPA0323 => hypothetical protein
[13:19:33] Modify product: UPF0301 protein SO_3346 => hypothetical protein
[13:19:33] Modify product: Peroxiredoxin sll1621 => Peroxiredoxin
[13:19:34] Modify product: Probable HTH-type transcriptional repressor ExuR => putative HTH-type transcriptional repressor ExuR
[13:19:34] Modify product: Solute-binding protein Bpro_3107 => Solute-binding protein
[13:19:34] Modify product: Probable RNA polymerase sigma factor FecI => putative RNA polymerase sigma factor FecI
[13:19:34] Modify product: Uncharacterized NTE family protein Rv2565 => putative NTE family protein
[13:19:34] Modify product: UPF0145 protein YbjQ => hypothetical protein
[13:19:34] Modify product: Probable methylmalonyl-CoA mutase large subunit => putative methylmalonyl-CoA mutase large subunit
[13:19:34] Modify product: UPF0701 protein HI_0467 => hypothetical protein
[13:19:34] Modify product: Uncharacterized HTH-type transcriptional regulator Rv3095 => putative HTH-type transcriptional regulator
[13:19:34] Modify product: Probable 2-dehydro-3-deoxygalactonokinase DgoK1 => putative 2-dehydro-3-deoxygalactonokinase DgoK1
[13:19:34] Modify product: Probable TonB-dependent receptor NMB0964 => putative TonB-dependent receptor
[13:19:34] Modify product: Uncharacterized protein RP812 => putative protein RP812
[13:19:34] Modify product: Probable enoyl-CoA hydratase echA8 => putative enoyl-CoA hydratase echA8
[13:19:34] Modify product: Uncharacterized protein Rv0036c => putative protein
[13:19:34] Modify product: Probable enoyl-CoA hydratase echA12 => putative enoyl-CoA hydratase echA12
[13:19:34] Modify product: Uncharacterized ABC transporter ATP-binding protein YadG => putative ABC transporter ATP-binding protein YadG
[13:19:34] Modify product: Probable enoyl-CoA hydratase 1 => putative enoyl-CoA hydratase 1
[13:19:34] Modify product: Probable siderophore transport system permease protein YfhA => putative siderophore transport system permease protein YfhA
[13:19:34] Modify product: Probable enoyl-CoA hydratase echA8 => putative enoyl-CoA hydratase echA8
[13:19:34] Modify product: Probable malonic semialdehyde reductase RutE => putative malonic semialdehyde reductase RutE
[13:19:34] Modify product: Probable lipid II flippase MurJ => putative lipid II flippase MurJ
[13:19:34] Modify product: UPF0056 inner membrane protein YhgN => hypothetical protein
[13:19:34] Modify product: Probable membrane transporter protein XF_0764 => putative membrane transporter protein
[13:19:34] Modify product: Probable metallo-hydrolase BURPS1710b_2304 => putative metallo-hydrolase
[13:19:34] Modify product: Probable amino-acid metabolite efflux pump => putative amino-acid metabolite efflux pump
[13:19:34] Modify product: Uncharacterized N-acetyltransferase YsnE => putative N-acetyltransferase YsnE
[13:19:34] Modify product: Probable GTP-binding protein EngB => putative GTP-binding protein EngB
[13:19:34] Modify product: Uncharacterized oxidoreductase Rv1144 => putative oxidoreductase
[13:19:34] Modify product: Uncharacterized HTH-type transcriptional regulator YbbH => putative HTH-type transcriptional regulator YbbH
[13:19:34] Modify product: Uncharacterized symporter YjmB => putative symporter YjmB
[13:19:34] Modify product: Uncharacterized aminopeptidase Rv1333 => putative aminopeptidase
[13:19:34] Modify product: Probable parvulin-type peptidyl-prolyl cis-trans isomerase => putative parvulin-type peptidyl-prolyl cis-trans isomerase
[13:19:34] Modify product: Bifunctional protein FolD => Bifunctional protein FolD protein
[13:19:34] Modify product: Probable protein kinase UbiB => putative protein kinase UbiB
[13:19:34] Modify product: Uncharacterized protein YjdJ => putative protein YjdJ
[13:19:34] Modify product: Protease HtpX homolog => Protease HtpX 
[13:19:34] Modify product: Uncharacterized oxidoreductase Rv1350 => putative oxidoreductase
[13:19:34] Modify product: UPF0335 protein CCNA_03428 => hypothetical protein
[13:19:34] Modify product: Uncharacterized protein Rv2715 => putative protein
[13:19:34] Modify product: Probable transcriptional regulatory protein aq_1575 => putative transcriptional regulatory protein
[13:19:34] Modify product: Uncharacterized ABC transporter ATP-binding protein Rv0986 => putative ABC transporter ATP-binding protein
[13:19:34] Modify product: Uncharacterized oxidoreductase Rv1144 => putative oxidoreductase
[13:19:34] Modify product: UPF0178 protein YaiI => hypothetical protein
[13:19:34] Modify product: Putative esterase Rv1847 => Putative esterase
[13:19:34] Modify product: Uncharacterized MFS-type transporter YcaD => putative MFS-type transporter YcaD
[13:19:34] Modify product: Uncharacterized protein Rv2715 => putative protein
[13:19:35] Modify product: Probable CtpA-like serine protease => putative CtpA-like serine protease
[13:19:35] Modify product: Putative short-chain type dehydrogenase/reductase Rv0148 => Putative short-chain type dehydrogenase/reductase
[13:19:35] Modify product: Phosphatase Rv3376 => Phosphatase
[13:19:35] Modify product: Probable peptidoglycan D,D-transpeptidase FtsI => putative peptidoglycan D,D-transpeptidase FtsI
[13:19:35] Modify product: Probable peptidoglycan glycosyltransferase FtsW => putative peptidoglycan glycosyltransferase FtsW
[13:19:35] Modify product: Glycolipid sulfotransferase Rv1373 => Glycolipid sulfotransferase
[13:19:35] Modify product: Probable lipoprotein YiaD => putative lipoprotein YiaD
[13:19:35] Modify product: Uncharacterized protein HI_0103 => putative protein
[13:19:35] Modify product: Putative HTH-type transcriptional regulator Rv1287 => Putative HTH-type transcriptional regulator
[13:19:35] Modify product: UPF0053 inner membrane protein YfjD => hypothetical protein
[13:19:35] Modify product: Uncharacterized oxidoreductase Rv1350 => putative oxidoreductase
[13:19:35] Modify product: Uncharacterized protein Rv2913c => putative protein
[13:19:35] Modify product: Uncharacterized protein YfgD => putative protein YfgD
[13:19:35] Modify product: Uncharacterized protein Rv2915c => putative protein
[13:19:35] Modify product: Uncharacterized protein YyaP => putative protein YyaP
[13:19:35] Modify product: Probable 3-hydroxybutyryl-CoA dehydrogenase => putative 3-hydroxybutyryl-CoA dehydrogenase
[13:19:35] Modify product: Probable 2,4-dienoyl-CoA reductase => putative 2,4-dienoyl-CoA reductase
[13:19:35] Modify product: Probable sphingosine-1-phosphate lyase => putative sphingosine-1-phosphate lyase
[13:19:35] Modify product: Uncharacterized protein YqjZ => putative protein YqjZ
[13:19:35] Modify product: Uncharacterized symporter YjmB => putative symporter YjmB
[13:19:35] Modify product: Carbohydrate esterase MZ0003 => Carbohydrate esterase
[13:19:35] Modify product: Probable ribonucleotide transport ATP-binding protein mkl => putative ribonucleotide transport ATP-binding protein mkl
[13:19:35] Modify product: Probable succinyl-CoA:3-ketoacid coenzyme A transferase subunit A => putative succinyl-CoA:3-ketoacid coenzyme A transferase subunit A
[13:19:35] Modify product: Probable succinyl-CoA:3-ketoacid coenzyme A transferase subunit B => putative succinyl-CoA:3-ketoacid coenzyme A transferase subunit B
[13:19:35] Modify product: Putative acyltransferase Rv0859 => Putative acyltransferase
[13:19:35] Modify product: Uncharacterized protein HI_1162 => putative protein
[13:19:35] Modify product: Probable nicotinate-nucleotide pyrophosphorylase [carboxylating] => putative nicotinate-nucleotide pyrophosphorylase [carboxylating]
[13:19:35] Modify product: Uncharacterized protein HI_1162 => putative protein
[13:19:35] Modify product: Uncharacterized protein YisK => putative protein YisK
[13:19:35] Modify product: UPF0053 inner membrane protein YoaE => hypothetical protein
[13:19:35] Modify product: Probable glycine dehydrogenase (decarboxylating) subunit 1 => putative glycine dehydrogenase (decarboxylating) subunit 1
[13:19:35] Modify product: Probable glycine dehydrogenase (decarboxylating) subunit 2 => putative glycine dehydrogenase (decarboxylating) subunit 2
[13:19:35] Modify product: Uncharacterized oxidoreductase YciK => putative oxidoreductase YciK
[13:19:35] Modify product: Probable ribonucleotide transport ATP-binding protein mkl => putative ribonucleotide transport ATP-binding protein mkl
[13:19:35] Cleaned 120 /product names
[13:19:35] Deleting unwanted file: Unknown.FASTA.prokka.output/PROKKA_05052020.sprot.tmp.32694.faa
[13:19:35] Deleting unwanted file: Unknown.FASTA.prokka.output/PROKKA_05052020.sprot.tmp.32694.blast
[13:19:36] There are still 2099 unannotated CDS left (started with 3602)
[13:19:36] Will use hmmer3 to search against /Users/richardshao17/miniconda3/db/hmm/HAMAP.hmm with 4 CPUs
[13:19:36] Running: cat Unknown\.FASTA\.prokka\.output\/PROKKA_05052020\.HAMAP\.hmm\.tmp\.32694\.faa | parallel --gnu --plain -j 4 --block 74139 --recstart '>' --pipe hmmscan --noali --notextw --acc -E 1e-09 --cpu 1 /Users/richardshao17/miniconda3/db/hmm/HAMAP.hmm /dev/stdin > Unknown\.FASTA\.prokka\.output\/PROKKA_05052020\.HAMAP\.hmm\.tmp\.32694\.hmmer3 2> /dev/null
[13:20:15] Modify product: Uncharacterized Nudix hydrolase NudL => putative Nudix hydrolase NudL
[13:20:15] Cleaned 1 /product names
[13:20:15] Deleting unwanted file: Unknown.FASTA.prokka.output/PROKKA_05052020.HAMAP.hmm.tmp.32694.faa
[13:20:15] Deleting unwanted file: Unknown.FASTA.prokka.output/PROKKA_05052020.HAMAP.hmm.tmp.32694.hmmer3
[13:20:15] Labelling remaining 1840 proteins as 'hypothetical protein'
[13:20:15] Possible /pseudo 'Flavin-dependent tryptophan halogenase RebH' at contig_98 position 151828
[13:20:15] Possible /pseudo 'Flavin-dependent tryptophan halogenase PrnA' at contig_98 position 559346
[13:20:15] Possible /pseudo 'Transcriptional regulatory protein FixJ' at contig_98 position 985581
[13:20:15] Possible /pseudo 'Asparagine synthetase [glutamine-hydrolyzing] 1' at contig_98 position 1114287
[13:20:15] Possible /pseudo 'Tol-Pal system protein TolQ' at contig_98 position 1416095
[13:20:15] Possible /pseudo 'NADH:quinone reductase' at contig_98 position 1549444
[13:20:15] Possible /pseudo 'IS110 family transposase ISGdi15' at contig_98 position 1585241
[13:20:15] Possible /pseudo 'Flagellar basal-body rod protein FlgG' at contig_98 position 2415228
[13:20:15] Possible /pseudo 'Imidazolonepropionase' at contig_98 position 3646109
[13:20:15] Found 1295 unique /gene codes.
[13:20:15] Fixed 2 duplicate /gene - smtB_1 smtB_2
[13:20:15] Fixed 2 duplicate /gene - dapE_1 dapE_2
[13:20:15] Fixed 4 duplicate /gene - mmgC_1 mmgC_2 mmgC_3 mmgC_4
[13:20:15] Fixed 2 duplicate /gene - fic_1 fic_2
[13:20:15] Fixed 2 duplicate /gene - msrA_1 msrA_2
[13:20:15] Fixed 3 duplicate /gene - btuD_1 btuD_2 btuD_3
[13:20:15] Fixed 2 duplicate /gene - ros_1 ros_2
[13:20:15] Fixed 2 duplicate /gene - ihfA_1 ihfA_2
[13:20:15] Fixed 2 duplicate /gene - acpP_1 acpP_2
[13:20:15] Fixed 2 duplicate /gene - atpG_1 atpG_2
[13:20:15] Fixed 2 duplicate /gene - bglA_1 bglA_2
[13:20:15] Fixed 2 duplicate /gene - rfbC_1 rfbC_2
[13:20:15] Fixed 2 duplicate /gene - udk_1 udk_2
[13:20:15] Fixed 5 duplicate /gene - mdtA_1 mdtA_2 mdtA_3 mdtA_4 mdtA_5
[13:20:15] Fixed 2 duplicate /gene - fabH_1 fabH_2
[13:20:15] Fixed 3 duplicate /gene - hcaB_1 hcaB_2 hcaB_3
[13:20:15] Fixed 2 duplicate /gene - bbsG_1 bbsG_2
[13:20:15] Fixed 3 duplicate /gene - rppH_1 rppH_2 rppH_3
[13:20:15] Fixed 3 duplicate /gene - gltX_1 gltX_2 gltX_3
[13:20:15] Fixed 2 duplicate /gene - cspA_1 cspA_2
[13:20:15] Fixed 3 duplicate /gene - yceI_1 yceI_2 yceI_3
[13:20:15] Fixed 3 duplicate /gene - menH_1 menH_2 menH_3
[13:20:15] Fixed 2 duplicate /gene - rsmB_1 rsmB_2
[13:20:15] Fixed 4 duplicate /gene - crt_1 crt_2 crt_3 crt_4
[13:20:15] Fixed 2 duplicate /gene - yliI_1 yliI_2
[13:20:15] Fixed 2 duplicate /gene - msrB_1 msrB_2
[13:20:15] Fixed 2 duplicate /gene - fadJ_1 fadJ_2
[13:20:15] Fixed 2 duplicate /gene - mdh_1 mdh_2
[13:20:15] Fixed 3 duplicate /gene - mtgA_1 mtgA_2 mtgA_3
[13:20:15] Fixed 2 duplicate /gene - dxs_1 dxs_2
[13:20:15] Fixed 2 duplicate /gene - ubiB_1 ubiB_2
[13:20:15] Fixed 7 duplicate /gene - COQ5_1 COQ5_2 COQ5_3 COQ5_4 COQ5_5 COQ5_6 COQ5_7
[13:20:15] Fixed 2 duplicate /gene - ubiE_1 ubiE_2
[13:20:15] Fixed 2 duplicate /gene - pucC_1 pucC_2
[13:20:15] Fixed 3 duplicate /gene - dmdB_1 dmdB_2 dmdB_3
[13:20:15] Fixed 2 duplicate /gene - rgtE_1 rgtE_2
[13:20:15] Fixed 2 duplicate /gene - dnaN_1 dnaN_2
[13:20:15] Fixed 2 duplicate /gene - xcpT_1 xcpT_2
[13:20:15] Fixed 2 duplicate /gene - decR_1 decR_2
[13:20:15] Fixed 2 duplicate /gene - mcl2_1 mcl2_2
[13:20:15] Fixed 2 duplicate /gene - mkl_1 mkl_2
[13:20:15] Fixed 3 duplicate /gene - gpmA_1 gpmA_2 gpmA_3
[13:20:15] Fixed 5 duplicate /gene - sasA_1 sasA_2 sasA_3 sasA_4 sasA_5
[13:20:15] Fixed 2 duplicate /gene - ethA_1 ethA_2
[13:20:15] Fixed 2 duplicate /gene - tsaC1_1 tsaC1_2
[13:20:15] Fixed 2 duplicate /gene - lexA_1 lexA_2
[13:20:15] Fixed 3 duplicate /gene - fadA_1 fadA_2 fadA_3
[13:20:15] Fixed 2 duplicate /gene - lnrL_1 lnrL_2
[13:20:15] Fixed 3 duplicate /gene - paaG_1 paaG_2 paaG_3
[13:20:15] Fixed 2 duplicate /gene - asnB_1 asnB_2
[13:20:15] Fixed 4 duplicate /gene - rcsC_1 rcsC_2 rcsC_3 rcsC_4
[13:20:15] Fixed 2 duplicate /gene - xerC_1 xerC_2
[13:20:15] Fixed 2 duplicate /gene - mdtC_1 mdtC_2
[13:20:15] Fixed 2 duplicate /gene - COQ3_1 COQ3_2
[13:20:15] Fixed 2 duplicate /gene - thiE_1 thiE_2
[13:20:15] Fixed 2 duplicate /gene - ccpA_1 ccpA_2
[13:20:15] Fixed 2 duplicate /gene - flgG_1 flgG_2
[13:20:15] Fixed 2 duplicate /gene - prnA_1 prnA_2
[13:20:15] Fixed 2 duplicate /gene - gatA_1 gatA_2
[13:20:15] Fixed 4 duplicate /gene - virB4_1 virB4_2 virB4_3 virB4_4
[13:20:15] Fixed 2 duplicate /gene - tufA_1 tufA_2
[13:20:15] Fixed 4 duplicate /gene - fabG_1 fabG_2 fabG_3 fabG_4
[13:20:15] Fixed 5 duplicate /gene - acrC_1 acrC_2 acrC_3 acrC_4 acrC_5
[13:20:15] Fixed 2 duplicate /gene - accA1_1 accA1_2
[13:20:15] Fixed 3 duplicate /gene - tolB_1 tolB_2 tolB_3
[13:20:15] Fixed 3 duplicate /gene - lcfB_1 lcfB_2 lcfB_3
[13:20:15] Fixed 2 duplicate /gene - czcA_1 czcA_2
[13:20:15] Fixed 2 duplicate /gene - bamA_1 bamA_2
[13:20:15] Fixed 2 duplicate /gene - dnaA_1 dnaA_2
[13:20:15] Fixed 5 duplicate /gene - mshA_1 mshA_2 mshA_3 mshA_4 mshA_5
[13:20:15] Fixed 2 duplicate /gene - rhlE_1 rhlE_2
[13:20:15] Fixed 2 duplicate /gene - ald_1 ald_2
[13:20:15] Fixed 2 duplicate /gene - yfmJ_1 yfmJ_2
[13:20:15] Fixed 2 duplicate /gene - sctC_1 sctC_2
[13:20:15] Fixed 2 duplicate /gene - qorA_1 qorA_2
[13:20:15] Fixed 2 duplicate /gene - tetA_1 tetA_2
[13:20:15] Fixed 6 duplicate /gene - acdA_1 acdA_2 acdA_3 acdA_4 acdA_5 acdA_6
[13:20:15] Fixed 3 duplicate /gene - lldD_1 lldD_2 lldD_3
[13:20:15] Fixed 2 duplicate /gene - rutF_1 rutF_2
[13:20:15] Fixed 2 duplicate /gene - xthA_1 xthA_2
[13:20:15] Fixed 2 duplicate /gene - dhmA_1 dhmA_2
[13:20:15] Fixed 2 duplicate /gene - rpoH_1 rpoH_2
[13:20:15] Fixed 2 duplicate /gene - fabG2_1 fabG2_2
[13:20:15] Fixed 2 duplicate /gene - yrbG_1 yrbG_2
[13:20:15] Fixed 2 duplicate /gene - cpo_1 cpo_2
[13:20:15] Fixed 3 duplicate /gene - nanT_1 nanT_2 nanT_3
[13:20:15] Fixed 2 duplicate /gene - murC_1 murC_2
[13:20:15] Fixed 2 duplicate /gene - atoC_1 atoC_2
[13:20:15] Fixed 2 duplicate /gene - msrQ_1 msrQ_2
[13:20:15] Fixed 4 duplicate /gene - bepA_1 bepA_2 bepA_3 bepA_4
[13:20:15] Fixed 2 duplicate /gene - cysQ_1 cysQ_2
[13:20:15] Fixed 3 duplicate /gene - copA_1 copA_2 copA_3
[13:20:15] Fixed 2 duplicate /gene - pepA_1 pepA_2
[13:20:15] Fixed 2 duplicate /gene - cobB_1 cobB_2
[13:20:15] Fixed 2 duplicate /gene - metH_1 metH_2
[13:20:15] Fixed 2 duplicate /gene - dmdC_1 dmdC_2
[13:20:15] Fixed 2 duplicate /gene - gmuE_1 gmuE_2
[13:20:15] Fixed 2 duplicate /gene - nbzA_1 nbzA_2
[13:20:15] Fixed 2 duplicate /gene - qseB_1 qseB_2
[13:20:15] Fixed 2 duplicate /gene - czcC_1 czcC_2
[13:20:15] Fixed 2 duplicate /gene - cysK_1 cysK_2
[13:20:15] Fixed 2 duplicate /gene - nit1_1 nit1_2
[13:20:15] Fixed 2 duplicate /gene - pcm_1 pcm_2
[13:20:15] Fixed 2 duplicate /gene - rutC_1 rutC_2
[13:20:15] Fixed 4 duplicate /gene - aes_1 aes_2 aes_3 aes_4
[13:20:15] Fixed 4 duplicate /gene - degP_1 degP_2 degP_3 degP_4
[13:20:15] Fixed 2 duplicate /gene - rlmB_1 rlmB_2
[13:20:15] Fixed 2 duplicate /gene - ndhB_1 ndhB_2
[13:20:15] Fixed 2 duplicate /gene - ribD_1 ribD_2
[13:20:15] Fixed 2 duplicate /gene - xylE_1 xylE_2
[13:20:15] Fixed 2 duplicate /gene - rdpA_1 rdpA_2
[13:20:15] Fixed 3 duplicate /gene - menE_1 menE_2 menE_3
[13:20:15] Fixed 2 duplicate /gene - pepN_1 pepN_2
[13:20:15] Fixed 2 duplicate /gene - swrC_1 swrC_2
[13:20:15] Fixed 2 duplicate /gene - yheS_1 yheS_2
[13:20:15] Fixed 3 duplicate /gene - betA_1 betA_2 betA_3
[13:20:15] Fixed 2 duplicate /gene - fixJ_1 fixJ_2
[13:20:15] Fixed 2 duplicate /gene - clpP_1 clpP_2
[13:20:15] Fixed 2 duplicate /gene - rimI_1 rimI_2
[13:20:15] Fixed 2 duplicate /gene - caiD_1 caiD_2
[13:20:15] Fixed 2 duplicate /gene - copB_1 copB_2
[13:20:15] Fixed 2 duplicate /gene - csoR_1 csoR_2
[13:20:15] Fixed 2 duplicate /gene - sigW_1 sigW_2
[13:20:15] Fixed 2 duplicate /gene - kefC_1 kefC_2
[13:20:15] Fixed 2 duplicate /gene - rne_1 rne_2
[13:20:15] Fixed 4 duplicate /gene - hutI_1 hutI_2 hutI_3 hutI_4
[13:20:15] Fixed 2 duplicate /gene - flhA_1 flhA_2
[13:20:15] Fixed 2 duplicate /gene - rluC_1 rluC_2
[13:20:15] Fixed 2 duplicate /gene - silP_1 silP_2
[13:20:15] Fixed 2 duplicate /gene - cas1_1 cas1_2
[13:20:15] Fixed 2 duplicate /gene - motB_1 motB_2
[13:20:15] Fixed 2 duplicate /gene - rnd_1 rnd_2
[13:20:15] Fixed 2 duplicate /gene - gdh_1 gdh_2
[13:20:15] Fixed 3 duplicate /gene - entS_1 entS_2 entS_3
[13:20:15] Fixed 2 duplicate /gene - pld_1 pld_2
[13:20:15] Fixed 2 duplicate /gene - fadH_1 fadH_2
[13:20:15] Fixed 2 duplicate /gene - dap_1 dap_2
[13:20:15] Fixed 2 duplicate /gene - htpX_1 htpX_2
[13:20:15] Fixed 3 duplicate /gene - caiA_1 caiA_2 caiA_3
[13:20:15] Fixed 2 duplicate /gene - higA-2_1 higA-2_2
[13:20:15] Fixed 2 duplicate /gene - yhdE_1 yhdE_2
[13:20:15] Fixed 2 duplicate /gene - fumD_1 fumD_2
[13:20:15] Fixed 2 duplicate /gene - motA_1 motA_2
[13:20:15] Fixed 2 duplicate /gene - nfdA_1 nfdA_2
[13:20:15] Fixed 2 duplicate /gene - bcr_1 bcr_2
[13:20:15] Fixed 2 duplicate /gene - dnaK_1 dnaK_2
[13:20:15] Fixed 3 duplicate /gene - oprM_1 oprM_2 oprM_3
[13:20:15] Fixed 3 duplicate /gene - mnmC_1 mnmC_2 mnmC_3
[13:20:15] Fixed 3 duplicate /gene - fyuA_1 fyuA_2 fyuA_3
[13:20:15] Fixed 2 duplicate /gene - iaaA_1 iaaA_2
[13:20:15] Fixed 2 duplicate /gene - higB-2_1 higB-2_2
[13:20:15] Fixed 4 duplicate /gene - ftsH_1 ftsH_2 ftsH_3 ftsH_4
[13:20:15] Fixed 4 duplicate /gene - pal_1 pal_2 pal_3 pal_4
[13:20:15] Fixed 4 duplicate /gene - rebH_1 rebH_2 rebH_3 rebH_4
[13:20:15] Fixed 2 duplicate /gene - gnl_1 gnl_2
[13:20:15] Fixed 2 duplicate /gene - linX_1 linX_2
[13:20:15] Fixed 2 duplicate /gene - prmC_1 prmC_2
[13:20:15] Fixed 4 duplicate /gene - linC_1 linC_2 linC_3 linC_4
[13:20:15] Fixed 2 duplicate /gene - oxyR_1 oxyR_2
[13:20:15] Fixed 2 duplicate /gene - hemA_1 hemA_2
[13:20:15] Fixed 21 duplicate /gene - btuB_1 btuB_2 btuB_3 btuB_4 btuB_5 btuB_6 btuB_7 btuB_8 btuB_9 btuB_10 btuB_11 btuB_12 btuB_13 btuB_14 btuB_15 btuB_16 btuB_17 btuB_18 btuB_19 btuB_20 btuB_21
[13:20:15] Fixed 2 duplicate /gene - strE_1 strE_2
[13:20:15] Fixed 3 duplicate /gene - gstB_1 gstB_2 gstB_3
[13:20:15] Fixed 2 duplicate /gene - flbT_1 flbT_2
[13:20:15] Fixed 2 duplicate /gene - pnbA_1 pnbA_2
[13:20:15] Fixed 4 duplicate /gene - echA8_1 echA8_2 echA8_3 echA8_4
[13:20:15] Fixed 2 duplicate /gene - pncC_1 pncC_2
[13:20:15] Fixed 2 duplicate /gene - phaC_1 phaC_2
[13:20:15] Fixed 4 duplicate /gene - traG_1 traG_2 traG_3 traG_4
[13:20:15] Fixed 2 duplicate /gene - arnC_1 arnC_2
[13:20:15] Fixed 3 duplicate /gene - gloB_1 gloB_2 gloB_3
[13:20:15] Fixed 2 duplicate /gene - fdxE_1 fdxE_2
[13:20:15] Fixed 2 duplicate /gene - yjmB_1 yjmB_2
[13:20:15] Fixed 3 duplicate /gene - tolQ_1 tolQ_2 tolQ_3
[13:20:15] Fixed 2 duplicate /gene - paiB_1 paiB_2
[13:20:15] Fixed 175 colliding /gene names.
[13:20:15] Adding /locus_tag identifiers
[13:20:16] Assigned 3652 locus_tags to CDS and RNA features.
[13:20:16] Writing outputs to Unknown.FASTA.prokka.output/
[13:20:17] Generating annotation statistics file
[13:20:17] Generating Genbank and Sequin files
[13:20:17] Running: tbl2asn -V b -a r10k -l paired-ends -M n -N 1 -y 'Annotated using prokka 1.14.6 from https://github.com/tseemann/prokka' -Z Unknown\.FASTA\.prokka\.output\/PROKKA_05052020\.err -i Unknown\.FASTA\.prokka\.output\/PROKKA_05052020\.fsa 2> /dev/null
[13:20:23] Could not run command: tbl2asn -V b -a r10k -l paired-ends -M n -N 1 -y 'Annotated using prokka 1.14.6 from https://github.com/tseemann/prokka' -Z Unknown\.FASTA\.prokka\.output\/PROKKA_05052020\.err -i Unknown\.FASTA\.prokka\.output\/PROKKA_05052020\.fsa 2> /dev/null
